{"/home/travis/build/npmtest/node-npmtest-machine_learning/test.js":{"path":"/home/travis/build/npmtest/node-npmtest-machine_learning/test.js","s":{"1":2,"2":2,"3":2,"4":2,"5":2,"6":2,"7":2,"8":1,"9":2,"10":2,"11":1,"12":1,"13":1,"14":1,"15":2,"16":2,"17":2,"18":2,"19":1,"20":1,"21":2,"22":2,"23":2,"24":1,"25":1,"26":1,"27":1,"28":1,"29":1,"30":1,"31":1,"32":1,"33":1,"34":1,"35":1,"36":1,"37":1,"38":1,"39":2,"40":2,"41":1,"42":2,"43":2,"44":1,"45":2,"46":2,"47":1,"48":2,"49":2,"50":1,"51":1,"52":1,"53":1,"54":1},"b":{"1":[2,1,1,1],"2":[1,1,1,1],"3":[1,1],"4":[1,1],"5":[1,1],"6":[1,1],"7":[1,1],"8":[1,1],"9":[1,1],"10":[1,1,1],"11":[1,1],"12":[1,1],"13":[1,1],"14":[1,1],"15":[1,1],"16":[1,1],"17":[1,1]},"f":{"1":2,"2":2,"3":2,"4":2,"5":2,"6":1,"7":1,"8":1,"9":2,"10":2,"11":2,"12":2,"13":1},"fnMap":{"1":{"name":"(anonymous_1)","line":12,"loc":{"start":{"line":12,"column":1},"end":{"line":12,"column":13}}},"2":{"name":"(anonymous_2)","line":19,"loc":{"start":{"line":19,"column":5},"end":{"line":19,"column":17}}},"3":{"name":"(anonymous_3)","line":23,"loc":{"start":{"line":23,"column":24},"end":{"line":23,"column":36}}},"4":{"name":"(anonymous_4)","line":61,"loc":{"start":{"line":61,"column":5},"end":{"line":61,"column":17}}},"5":{"name":"(anonymous_5)","line":82,"loc":{"start":{"line":82,"column":5},"end":{"line":82,"column":17}}},"6":{"name":"(anonymous_6)","line":91,"loc":{"start":{"line":91,"column":77},"end":{"line":94,"column":10}}},"7":{"name":"(anonymous_7)","line":112,"loc":{"start":{"line":112,"column":83},"end":{"line":115,"column":10}},"skip":true},"8":{"name":"(anonymous_8)","line":123,"loc":{"start":{"line":123,"column":77},"end":{"line":126,"column":10}},"skip":true},"9":{"name":"(anonymous_9)","line":139,"loc":{"start":{"line":139,"column":12},"end":{"line":139,"column":40}},"skip":true},"10":{"name":"(anonymous_10)","line":147,"loc":{"start":{"line":147,"column":77},"end":{"line":150,"column":10}},"skip":true},"11":{"name":"(anonymous_11)","line":158,"loc":{"start":{"line":158,"column":83},"end":{"line":161,"column":10}},"skip":true},"12":{"name":"(anonymous_12)","line":169,"loc":{"start":{"line":169,"column":79},"end":{"line":172,"column":10}},"skip":true},"13":{"name":"(anonymous_13)","line":180,"loc":{"start":{"line":180,"column":75},"end":{"line":183,"column":10}},"skip":true}},"statementMap":{"1":{"start":{"line":12,"column":0},"end":{"line":195,"column":5}},"2":{"start":{"line":14,"column":4},"end":{"line":14,"column":14}},"3":{"start":{"line":19,"column":4},"end":{"line":56,"column":9}},"4":{"start":{"line":21,"column":8},"end":{"line":21,"column":19}},"5":{"start":{"line":23,"column":8},"end":{"line":35,"column":13}},"6":{"start":{"line":24,"column":12},"end":{"line":34,"column":13}},"7":{"start":{"line":25,"column":16},"end":{"line":28,"column":30}},"8":{"start":{"line":30,"column":16},"end":{"line":33,"column":27}},"9":{"start":{"line":37,"column":8},"end":{"line":39,"column":21}},"10":{"start":{"line":40,"column":8},"end":{"line":53,"column":9}},"11":{"start":{"line":43,"column":12},"end":{"line":46,"column":14}},"12":{"start":{"line":47,"column":12},"end":{"line":47,"column":18}},"13":{"start":{"line":50,"column":12},"end":{"line":51,"column":46}},"14":{"start":{"line":52,"column":12},"end":{"line":52,"column":18}},"15":{"start":{"line":55,"column":8},"end":{"line":55,"column":35}},"16":{"start":{"line":61,"column":4},"end":{"line":63,"column":9}},"17":{"start":{"line":62,"column":8},"end":{"line":62,"column":15}},"18":{"start":{"line":64,"column":4},"end":{"line":77,"column":5}},"19":{"start":{"line":70,"column":8},"end":{"line":70,"column":14}},"20":{"start":{"line":76,"column":8},"end":{"line":76,"column":14}},"21":{"start":{"line":82,"column":4},"end":{"line":84,"column":9}},"22":{"start":{"line":83,"column":8},"end":{"line":83,"column":15}},"23":{"start":{"line":85,"column":4},"end":{"line":194,"column":5}},"24":{"start":{"line":91,"column":8},"end":{"line":99,"column":10}},"25":{"start":{"line":98,"column":12},"end":{"line":98,"column":35}},"26":{"start":{"line":102,"column":8},"end":{"line":104,"column":63}},"27":{"start":{"line":105,"column":8},"end":{"line":105,"column":14}},"28":{"start":{"line":112,"column":8},"end":{"line":121,"column":10},"skip":true},"29":{"start":{"line":119,"column":12},"end":{"line":119,"column":55},"skip":true},"30":{"start":{"line":120,"column":12},"end":{"line":120,"column":48},"skip":true},"31":{"start":{"line":123,"column":8},"end":{"line":136,"column":10},"skip":true},"32":{"start":{"line":130,"column":12},"end":{"line":130,"column":76},"skip":true},"33":{"start":{"line":131,"column":12},"end":{"line":131,"column":73},"skip":true},"34":{"start":{"line":132,"column":12},"end":{"line":132,"column":74},"skip":true},"35":{"start":{"line":133,"column":12},"end":{"line":133,"column":79},"skip":true},"36":{"start":{"line":134,"column":12},"end":{"line":134,"column":25},"skip":true},"37":{"start":{"line":135,"column":12},"end":{"line":135,"column":45},"skip":true},"38":{"start":{"line":138,"column":8},"end":{"line":145,"column":14},"skip":true},"39":{"start":{"line":143,"column":16},"end":{"line":143,"column":29},"skip":true},"40":{"start":{"line":144,"column":16},"end":{"line":144,"column":55},"skip":true},"41":{"start":{"line":147,"column":8},"end":{"line":156,"column":10},"skip":true},"42":{"start":{"line":154,"column":12},"end":{"line":154,"column":25},"skip":true},"43":{"start":{"line":155,"column":12},"end":{"line":155,"column":45},"skip":true},"44":{"start":{"line":158,"column":8},"end":{"line":167,"column":10},"skip":true},"45":{"start":{"line":165,"column":12},"end":{"line":165,"column":25},"skip":true},"46":{"start":{"line":166,"column":12},"end":{"line":166,"column":48},"skip":true},"47":{"start":{"line":169,"column":8},"end":{"line":178,"column":10},"skip":true},"48":{"start":{"line":176,"column":12},"end":{"line":176,"column":25},"skip":true},"49":{"start":{"line":177,"column":12},"end":{"line":177,"column":46},"skip":true},"50":{"start":{"line":180,"column":8},"end":{"line":189,"column":10},"skip":true},"51":{"start":{"line":187,"column":12},"end":{"line":187,"column":94},"skip":true},"52":{"start":{"line":188,"column":12},"end":{"line":188,"column":48},"skip":true},"53":{"start":{"line":192,"column":8},"end":{"line":192,"column":35},"skip":true},"54":{"start":{"line":193,"column":8},"end":{"line":193,"column":14},"skip":true}},"branchMap":{"1":{"line":25,"type":"binary-expr","locations":[{"start":{"line":25,"column":23},"end":{"line":25,"column":62}},{"start":{"line":26,"column":20},"end":{"line":26,"column":70}},{"start":{"line":27,"column":20},"end":{"line":27,"column":71}},{"start":{"line":28,"column":20},"end":{"line":28,"column":29}}]},"2":{"line":30,"type":"binary-expr","locations":[{"start":{"line":30,"column":23},"end":{"line":30,"column":37}},{"start":{"line":31,"column":20},"end":{"line":31,"column":61}},{"start":{"line":32,"column":20},"end":{"line":32,"column":70}},{"start":{"line":33,"column":20},"end":{"line":33,"column":26}}]},"3":{"line":37,"type":"cond-expr","locations":[{"start":{"line":38,"column":14},"end":{"line":38,"column":20}},{"start":{"line":39,"column":14},"end":{"line":39,"column":20}}]},"4":{"line":40,"type":"switch","locations":[{"start":{"line":42,"column":8},"end":{"line":47,"column":18}},{"start":{"line":49,"column":8},"end":{"line":52,"column":18}}]},"5":{"line":44,"type":"binary-expr","locations":[{"start":{"line":44,"column":16},"end":{"line":44,"column":44}},{"start":{"line":44,"column":48},"end":{"line":44,"column":66}}]},"6":{"line":50,"type":"binary-expr","locations":[{"start":{"line":50,"column":21},"end":{"line":50,"column":49}},{"start":{"line":50,"column":53},"end":{"line":50,"column":72}}]},"7":{"line":64,"type":"switch","locations":[{"start":{"line":69,"column":4},"end":{"line":70,"column":14}},{"start":{"line":75,"column":4},"end":{"line":76,"column":14}}]},"8":{"line":85,"type":"switch","locations":[{"start":{"line":90,"column":4},"end":{"line":105,"column":14}},{"start":{"line":111,"column":4},"end":{"line":193,"column":14},"skip":true}]},"9":{"line":91,"type":"binary-expr","locations":[{"start":{"line":91,"column":42},"end":{"line":91,"column":73}},{"start":{"line":91,"column":77},"end":{"line":99,"column":9}}]},"10":{"line":102,"type":"binary-expr","locations":[{"start":{"line":102,"column":18},"end":{"line":102,"column":32}},{"start":{"line":103,"column":12},"end":{"line":103,"column":53}},{"start":{"line":104,"column":12},"end":{"line":104,"column":61}}]},"11":{"line":112,"type":"binary-expr","locations":[{"start":{"line":112,"column":45},"end":{"line":112,"column":79},"skip":true},{"start":{"line":112,"column":83},"end":{"line":121,"column":9},"skip":true}]},"12":{"line":123,"type":"binary-expr","locations":[{"start":{"line":123,"column":42},"end":{"line":123,"column":73},"skip":true},{"start":{"line":123,"column":77},"end":{"line":136,"column":9},"skip":true}]},"13":{"line":138,"type":"binary-expr","locations":[{"start":{"line":138,"column":48},"end":{"line":138,"column":85},"skip":true},{"start":{"line":139,"column":12},"end":{"line":145,"column":13},"skip":true}]},"14":{"line":147,"type":"binary-expr","locations":[{"start":{"line":147,"column":42},"end":{"line":147,"column":73},"skip":true},{"start":{"line":147,"column":77},"end":{"line":156,"column":9},"skip":true}]},"15":{"line":158,"type":"binary-expr","locations":[{"start":{"line":158,"column":45},"end":{"line":158,"column":79},"skip":true},{"start":{"line":158,"column":83},"end":{"line":167,"column":9},"skip":true}]},"16":{"line":169,"type":"binary-expr","locations":[{"start":{"line":169,"column":43},"end":{"line":169,"column":75},"skip":true},{"start":{"line":169,"column":79},"end":{"line":178,"column":9},"skip":true}]},"17":{"line":180,"type":"binary-expr","locations":[{"start":{"line":180,"column":41},"end":{"line":180,"column":71},"skip":true},{"start":{"line":180,"column":75},"end":{"line":189,"column":9},"skip":true}]}},"code":["/* istanbul instrument in package npmtest_machine_learning */","/*jslint","    bitwise: true,","    browser: true,","    maxerr: 8,","    maxlen: 96,","    node: true,","    nomen: true,","    regexp: true,","    stupid: true","*/","(function () {","    'use strict';","    var local;","","","","    // run shared js-env code - pre-init","    (function () {","        // init local","        local = {};","        // init modeJs","        local.modeJs = (function () {","            try {","                return typeof navigator.userAgent === 'string' &&","                    typeof document.querySelector('body') === 'object' &&","                    typeof XMLHttpRequest.prototype.open === 'function' &&","                    'browser';","            } catch (errorCaughtBrowser) {","                return module.exports &&","                    typeof process.versions.node === 'string' &&","                    typeof require('http').createServer === 'function' &&","                    'node';","            }","        }());","        // init global","        local.global = local.modeJs === 'browser'","            ? window","            : global;","        switch (local.modeJs) {","        // re-init local from window.local","        case 'browser':","            local = local.global.utility2.objectSetDefault(","                local.global.utility2_rollup || local.global.local,","                local.global.utility2","            );","            break;","        // re-init local from example.js","        case 'node':","            local = (local.global.utility2_rollup || require('utility2'))","                .requireExampleJsFromReadme();","            break;","        }","        // export local","        local.global.local = local;","    }());","","","","    // run shared js-env code - function","    (function () {","        return;","    }());","    switch (local.modeJs) {","","","","    // run browser js-env code - function","    case 'browser':","        break;","","","","    // run node js-env code - function","    case 'node':","        break;","    }","","","","    // run shared js-env code - post-init","    (function () {","        return;","    }());","    switch (local.modeJs) {","","","","    // run browser js-env code - post-init","    case 'browser':","        local.testCase_browser_nullCase = local.testCase_browser_nullCase || function (","            options,","            onError","        ) {","        /*","         * this function will test browsers's null-case handling-behavior-behavior","         */","            onError(null, options);","        };","","        // run tests","        local.nop(local.modeTest &&","            document.querySelector('#testRunButton1') &&","            document.querySelector('#testRunButton1').click());","        break;","","","","    // run node js-env code - post-init","    /* istanbul ignore next */","    case 'node':","        local.testCase_buildApidoc_default = local.testCase_buildApidoc_default || function (","            options,","            onError","        ) {","        /*","         * this function will test buildApidoc's default handling-behavior-behavior","         */","            options = { modulePathList: module.paths };","            local.buildApidoc(options, onError);","        };","","        local.testCase_buildApp_default = local.testCase_buildApp_default || function (","            options,","            onError","        ) {","        /*","         * this function will test buildApp's default handling-behavior-behavior","         */","            local.testCase_buildReadme_default(options, local.onErrorThrow);","            local.testCase_buildLib_default(options, local.onErrorThrow);","            local.testCase_buildTest_default(options, local.onErrorThrow);","            local.testCase_buildCustomOrg_default(options, local.onErrorThrow);","            options = [];","            local.buildApp(options, onError);","        };","","        local.testCase_buildCustomOrg_default = local.testCase_buildCustomOrg_default ||","            function (options, onError) {","            /*","             * this function will test buildCustomOrg's default handling-behavior","             */","                options = {};","                local.buildCustomOrg(options, onError);","            };","","        local.testCase_buildLib_default = local.testCase_buildLib_default || function (","            options,","            onError","        ) {","        /*","         * this function will test buildLib's default handling-behavior","         */","            options = {};","            local.buildLib(options, onError);","        };","","        local.testCase_buildReadme_default = local.testCase_buildReadme_default || function (","            options,","            onError","        ) {","        /*","         * this function will test buildReadme's default handling-behavior-behavior","         */","            options = {};","            local.buildReadme(options, onError);","        };","","        local.testCase_buildTest_default = local.testCase_buildTest_default || function (","            options,","            onError","        ) {","        /*","         * this function will test buildTest's default handling-behavior","         */","            options = {};","            local.buildTest(options, onError);","        };","","        local.testCase_webpage_default = local.testCase_webpage_default || function (","            options,","            onError","        ) {","        /*","         * this function will test webpage's default handling-behavior","         */","            options = { modeCoverageMerge: true, url: local.serverLocalHost + '?modeTest=1' };","            local.browserTest(options, onError);","        };","","        // run test-server","        local.testRunServer(local);","        break;","    }","}());",""],"l":{"12":2,"14":2,"19":2,"21":2,"23":2,"24":2,"25":2,"30":1,"37":2,"40":2,"43":1,"47":1,"50":1,"52":1,"55":2,"61":2,"62":2,"64":2,"70":1,"76":1,"82":2,"83":2,"85":2,"91":1,"98":1,"102":1,"105":1,"112":1,"119":1,"120":1,"123":1,"130":1,"131":1,"132":1,"133":1,"134":1,"135":1,"138":1,"143":2,"144":2,"147":1,"154":2,"155":2,"158":1,"165":2,"166":2,"169":1,"176":2,"177":2,"180":1,"187":1,"188":1,"192":1,"193":1}},"/home/travis/build/npmtest/node-npmtest-machine_learning/lib.npmtest_machine_learning.js":{"path":"/home/travis/build/npmtest/node-npmtest-machine_learning/lib.npmtest_machine_learning.js","s":{"1":2,"2":2,"3":2,"4":2,"5":2,"6":2,"7":2,"8":1,"9":2,"10":2,"11":2,"12":2,"13":1,"14":1,"15":1,"16":1},"b":{"1":[2,1,1,1],"2":[1,1,1,1],"3":[1,1],"4":[2,2],"5":[1,1]},"f":{"1":2,"2":2,"3":2},"fnMap":{"1":{"name":"(anonymous_1)","line":12,"loc":{"start":{"line":12,"column":1},"end":{"line":12,"column":13}}},"2":{"name":"(anonymous_2)","line":19,"loc":{"start":{"line":19,"column":5},"end":{"line":19,"column":17}}},"3":{"name":"(anonymous_3)","line":23,"loc":{"start":{"line":23,"column":24},"end":{"line":23,"column":36}}}},"statementMap":{"1":{"start":{"line":12,"column":0},"end":{"line":53,"column":5}},"2":{"start":{"line":14,"column":4},"end":{"line":14,"column":14}},"3":{"start":{"line":19,"column":4},"end":{"line":52,"column":9}},"4":{"start":{"line":21,"column":8},"end":{"line":21,"column":19}},"5":{"start":{"line":23,"column":8},"end":{"line":35,"column":13}},"6":{"start":{"line":24,"column":12},"end":{"line":34,"column":13}},"7":{"start":{"line":25,"column":16},"end":{"line":28,"column":30}},"8":{"start":{"line":30,"column":16},"end":{"line":33,"column":27}},"9":{"start":{"line":37,"column":8},"end":{"line":39,"column":21}},"10":{"start":{"line":41,"column":8},"end":{"line":41,"column":54}},"11":{"start":{"line":43,"column":8},"end":{"line":43,"column":61}},"12":{"start":{"line":45,"column":8},"end":{"line":51,"column":9}},"13":{"start":{"line":46,"column":12},"end":{"line":46,"column":67}},"14":{"start":{"line":48,"column":12},"end":{"line":48,"column":35}},"15":{"start":{"line":49,"column":12},"end":{"line":49,"column":49}},"16":{"start":{"line":50,"column":12},"end":{"line":50,"column":43}}},"branchMap":{"1":{"line":25,"type":"binary-expr","locations":[{"start":{"line":25,"column":23},"end":{"line":25,"column":62}},{"start":{"line":26,"column":20},"end":{"line":26,"column":70}},{"start":{"line":27,"column":20},"end":{"line":27,"column":71}},{"start":{"line":28,"column":20},"end":{"line":28,"column":29}}]},"2":{"line":30,"type":"binary-expr","locations":[{"start":{"line":30,"column":23},"end":{"line":30,"column":37}},{"start":{"line":31,"column":20},"end":{"line":31,"column":61}},{"start":{"line":32,"column":20},"end":{"line":32,"column":70}},{"start":{"line":33,"column":20},"end":{"line":33,"column":26}}]},"3":{"line":37,"type":"cond-expr","locations":[{"start":{"line":38,"column":14},"end":{"line":38,"column":20}},{"start":{"line":39,"column":14},"end":{"line":39,"column":20}}]},"4":{"line":41,"type":"binary-expr","locations":[{"start":{"line":41,"column":16},"end":{"line":41,"column":44}},{"start":{"line":41,"column":48},"end":{"line":41,"column":53}}]},"5":{"line":45,"type":"if","locations":[{"start":{"line":45,"column":8},"end":{"line":45,"column":8}},{"start":{"line":45,"column":8},"end":{"line":45,"column":8}}]}},"code":["/* istanbul instrument in package npmtest_machine_learning */","/*jslint","    bitwise: true,","    browser: true,","    maxerr: 8,","    maxlen: 96,","    node: true,","    nomen: true,","    regexp: true,","    stupid: true","*/","(function () {","    'use strict';","    var local;","","","","    // run shared js-env code - pre-init","    (function () {","        // init local","        local = {};","        // init modeJs","        local.modeJs = (function () {","            try {","                return typeof navigator.userAgent === 'string' &&","                    typeof document.querySelector('body') === 'object' &&","                    typeof XMLHttpRequest.prototype.open === 'function' &&","                    'browser';","            } catch (errorCaughtBrowser) {","                return module.exports &&","                    typeof process.versions.node === 'string' &&","                    typeof require('http').createServer === 'function' &&","                    'node';","            }","        }());","        // init global","        local.global = local.modeJs === 'browser'","            ? window","            : global;","        // init utility2_rollup","        local = local.global.utility2_rollup || local;","        // init lib","        local.local = local.npmtest_machine_learning = local;","        // init exports","        if (local.modeJs === 'browser') {","            local.global.utility2_npmtest_machine_learning = local;","        } else {","            module.exports = local;","            module.exports.__dirname = __dirname;","            module.exports.module = module;","        }","    }());","}());",""],"l":{"12":2,"14":2,"19":2,"21":2,"23":2,"24":2,"25":2,"30":1,"37":2,"41":2,"43":2,"45":2,"46":1,"48":1,"49":1,"50":1}},"/home/travis/build/npmtest/node-npmtest-machine_learning/example.js":{"path":"/home/travis/build/npmtest/node-npmtest-machine_learning/example.js","s":{"1":2,"2":2,"3":2,"4":2,"5":2,"6":2,"7":2,"8":1,"9":2,"10":2,"11":2,"12":2,"13":1,"14":2,"15":2,"16":2,"17":2,"18":2,"19":0,"20":2,"21":1,"22":1,"23":1,"24":1,"25":1,"26":0,"27":0,"28":1,"29":1,"30":2,"31":0,"32":0,"33":0,"34":1,"35":2,"36":2,"37":3,"38":3,"39":3,"40":3,"41":0,"42":3,"43":3,"44":3,"45":1,"46":3,"47":1,"48":1,"49":1,"50":1,"51":1,"52":1,"53":1,"54":1,"55":1,"56":1,"57":0,"58":1,"59":6,"60":6,"61":1,"62":2,"63":0,"64":2,"65":1,"66":1,"67":0,"68":0,"69":0,"70":0,"71":0,"72":0,"73":0,"74":0,"75":0,"76":0,"77":0,"78":0,"79":0,"80":0,"81":0,"82":0,"83":0},"b":{"1":[2,1,1,1],"2":[1,1,1,1],"3":[1,1],"4":[2,2],"5":[1,1],"6":[1,1],"7":[2,0],"8":[2,1,1,1,1,1],"9":[0,2,0],"10":[1,1],"11":[2,1,1],"12":[1,0],"13":[0,2],"14":[2,0,0,0,0,0,0],"15":[0,3],"16":[3,0],"17":[1,1],"18":[0,1],"19":[1,2,0,2],"20":[1,0],"21":[1,1],"22":[0,0],"23":[0,0],"24":[0,0],"25":[0,0],"26":[0,0],"27":[0,0],"28":[0,0]},"f":{"1":2,"2":2,"3":2,"4":2,"5":2,"6":2,"7":3,"8":3,"9":3,"10":1,"11":6,"12":0},"fnMap":{"1":{"name":"(anonymous_1)","line":26,"loc":{"start":{"line":26,"column":1},"end":{"line":26,"column":13}}},"2":{"name":"(anonymous_2)","line":33,"loc":{"start":{"line":33,"column":5},"end":{"line":33,"column":17}}},"3":{"name":"(anonymous_3)","line":37,"loc":{"start":{"line":37,"column":24},"end":{"line":37,"column":36}}},"4":{"name":"(anonymous_4)","line":69,"loc":{"start":{"line":69,"column":31},"end":{"line":69,"column":48}},"skip":true},"5":{"name":"(anonymous_5)","line":78,"loc":{"start":{"line":78,"column":26},"end":{"line":78,"column":45}},"skip":true},"6":{"name":"(anonymous_6)","line":123,"loc":{"start":{"line":123,"column":33},"end":{"line":123,"column":48}},"skip":true},"7":{"name":"(anonymous_7)","line":125,"loc":{"start":{"line":125,"column":27},"end":{"line":125,"column":39}},"skip":true},"8":{"name":"(anonymous_8)","line":133,"loc":{"start":{"line":133,"column":59},"end":{"line":133,"column":74}},"skip":true},"9":{"name":"(anonymous_9)","line":143,"loc":{"start":{"line":143,"column":45},"end":{"line":143,"column":62}},"skip":true},"10":{"name":"(anonymous_10)","line":144,"loc":{"start":{"line":144,"column":73},"end":{"line":144,"column":92}},"skip":true},"11":{"name":"(anonymous_11)","line":272,"loc":{"start":{"line":272,"column":51},"end":{"line":272,"column":77}},"skip":true},"12":{"name":"(anonymous_12)","line":315,"loc":{"start":{"line":315,"column":32},"end":{"line":315,"column":61}},"skip":true}},"statementMap":{"1":{"start":{"line":26,"column":0},"end":{"line":326,"column":5}},"2":{"start":{"line":28,"column":4},"end":{"line":28,"column":14}},"3":{"start":{"line":33,"column":4},"end":{"line":60,"column":9}},"4":{"start":{"line":35,"column":8},"end":{"line":35,"column":19}},"5":{"start":{"line":37,"column":8},"end":{"line":49,"column":13}},"6":{"start":{"line":38,"column":12},"end":{"line":48,"column":13}},"7":{"start":{"line":39,"column":16},"end":{"line":42,"column":30}},"8":{"start":{"line":44,"column":16},"end":{"line":47,"column":27}},"9":{"start":{"line":51,"column":8},"end":{"line":53,"column":21}},"10":{"start":{"line":55,"column":8},"end":{"line":57,"column":45}},"11":{"start":{"line":59,"column":8},"end":{"line":59,"column":35}},"12":{"start":{"line":61,"column":4},"end":{"line":325,"column":5}},"13":{"start":{"line":69,"column":8},"end":{"line":121,"column":10},"skip":true},"14":{"start":{"line":70,"column":12},"end":{"line":88,"column":13},"skip":true},"15":{"start":{"line":76,"column":16},"end":{"line":87,"column":19},"skip":true},"16":{"start":{"line":79,"column":20},"end":{"line":86,"column":21},"skip":true},"17":{"start":{"line":82,"column":24},"end":{"line":82,"column":43},"skip":true},"18":{"start":{"line":83,"column":24},"end":{"line":83,"column":30},"skip":true},"19":{"start":{"line":85,"column":24},"end":{"line":85,"column":49},"skip":true},"20":{"start":{"line":89,"column":12},"end":{"line":107,"column":13},"skip":true},"21":{"start":{"line":92,"column":16},"end":{"line":102,"column":17},"skip":true},"22":{"start":{"line":93,"column":20},"end":{"line":93,"column":86},"skip":true},"23":{"start":{"line":94,"column":20},"end":{"line":95,"column":45},"skip":true},"24":{"start":{"line":96,"column":20},"end":{"line":96,"column":42},"skip":true},"25":{"start":{"line":97,"column":20},"end":{"line":97,"column":48},"skip":true},"26":{"start":{"line":100,"column":20},"end":{"line":100,"column":85},"skip":true},"27":{"start":{"line":101,"column":20},"end":{"line":101,"column":96},"skip":true},"28":{"start":{"line":103,"column":16},"end":{"line":103,"column":22},"skip":true},"29":{"start":{"line":106,"column":16},"end":{"line":106,"column":22},"skip":true},"30":{"start":{"line":108,"column":12},"end":{"line":120,"column":13},"skip":true},"31":{"start":{"line":114,"column":16},"end":{"line":119,"column":17},"skip":true},"32":{"start":{"line":116,"column":20},"end":{"line":116,"column":78},"skip":true},"33":{"start":{"line":118,"column":20},"end":{"line":118,"column":47},"skip":true},"34":{"start":{"line":123,"column":8},"end":{"line":141,"column":11},"skip":true},"35":{"start":{"line":124,"column":12},"end":{"line":124,"column":54},"skip":true},"36":{"start":{"line":125,"column":12},"end":{"line":140,"column":14},"skip":true},"37":{"start":{"line":126,"column":16},"end":{"line":126,"column":28},"skip":true},"38":{"start":{"line":127,"column":16},"end":{"line":127,"column":69},"skip":true},"39":{"start":{"line":128,"column":16},"end":{"line":128,"column":75},"skip":true},"40":{"start":{"line":129,"column":16},"end":{"line":131,"column":17},"skip":true},"41":{"start":{"line":130,"column":20},"end":{"line":130,"column":27},"skip":true},"42":{"start":{"line":133,"column":16},"end":{"line":137,"column":36},"skip":true},"43":{"start":{"line":134,"column":20},"end":{"line":136,"column":55},"skip":true},"44":{"start":{"line":139,"column":16},"end":{"line":139,"column":57},"skip":true},"45":{"start":{"line":143,"column":8},"end":{"line":147,"column":11},"skip":true},"46":{"start":{"line":144,"column":12},"end":{"line":146,"column":15},"skip":true},"47":{"start":{"line":145,"column":16},"end":{"line":145,"column":70},"skip":true},"48":{"start":{"line":149,"column":8},"end":{"line":149,"column":31},"skip":true},"49":{"start":{"line":150,"column":8},"end":{"line":150,"column":14},"skip":true},"50":{"start":{"line":158,"column":8},"end":{"line":158,"column":31},"skip":true},"51":{"start":{"line":160,"column":8},"end":{"line":160,"column":33},"skip":true},"52":{"start":{"line":161,"column":8},"end":{"line":161,"column":37},"skip":true},"53":{"start":{"line":162,"column":8},"end":{"line":162,"column":35},"skip":true},"54":{"start":{"line":164,"column":8},"end":{"line":164,"column":50},"skip":true},"55":{"start":{"line":166,"column":8},"end":{"line":256,"column":2},"skip":true},"56":{"start":{"line":258,"column":8},"end":{"line":286,"column":9},"skip":true},"57":{"start":{"line":259,"column":12},"end":{"line":269,"column":14},"skip":true},"58":{"start":{"line":271,"column":12},"end":{"line":285,"column":19},"skip":true},"59":{"start":{"line":274,"column":20},"end":{"line":274,"column":35},"skip":true},"60":{"start":{"line":275,"column":20},"end":{"line":284,"column":21},"skip":true},"61":{"start":{"line":277,"column":24},"end":{"line":277,"column":64},"skip":true},"62":{"start":{"line":279,"column":24},"end":{"line":279,"column":40},"skip":true},"63":{"start":{"line":281,"column":24},"end":{"line":281,"column":40},"skip":true},"64":{"start":{"line":283,"column":24},"end":{"line":283,"column":39},"skip":true},"65":{"start":{"line":288,"column":8},"end":{"line":290,"column":9},"skip":true},"66":{"start":{"line":289,"column":12},"end":{"line":289,"column":18},"skip":true},"67":{"start":{"line":291,"column":8},"end":{"line":293,"column":54},"skip":true},"68":{"start":{"line":296,"column":8},"end":{"line":301,"column":37},"skip":true},"69":{"start":{"line":303,"column":8},"end":{"line":303,"column":82},"skip":true},"70":{"start":{"line":306,"column":8},"end":{"line":308,"column":9},"skip":true},"71":{"start":{"line":307,"column":12},"end":{"line":307,"column":82},"skip":true},"72":{"start":{"line":310,"column":8},"end":{"line":312,"column":9},"skip":true},"73":{"start":{"line":311,"column":12},"end":{"line":311,"column":18},"skip":true},"74":{"start":{"line":313,"column":8},"end":{"line":313,"column":54},"skip":true},"75":{"start":{"line":314,"column":8},"end":{"line":314,"column":69},"skip":true},"76":{"start":{"line":315,"column":8},"end":{"line":323,"column":36},"skip":true},"77":{"start":{"line":316,"column":12},"end":{"line":316,"column":61},"skip":true},"78":{"start":{"line":317,"column":12},"end":{"line":320,"column":13},"skip":true},"79":{"start":{"line":318,"column":16},"end":{"line":318,"column":75},"skip":true},"80":{"start":{"line":319,"column":16},"end":{"line":319,"column":23},"skip":true},"81":{"start":{"line":321,"column":12},"end":{"line":321,"column":38},"skip":true},"82":{"start":{"line":322,"column":12},"end":{"line":322,"column":27},"skip":true},"83":{"start":{"line":324,"column":8},"end":{"line":324,"column":14},"skip":true}},"branchMap":{"1":{"line":39,"type":"binary-expr","locations":[{"start":{"line":39,"column":23},"end":{"line":39,"column":62}},{"start":{"line":40,"column":20},"end":{"line":40,"column":70}},{"start":{"line":41,"column":20},"end":{"line":41,"column":71}},{"start":{"line":42,"column":20},"end":{"line":42,"column":29}}]},"2":{"line":44,"type":"binary-expr","locations":[{"start":{"line":44,"column":23},"end":{"line":44,"column":37}},{"start":{"line":45,"column":20},"end":{"line":45,"column":61}},{"start":{"line":46,"column":20},"end":{"line":46,"column":70}},{"start":{"line":47,"column":20},"end":{"line":47,"column":26}}]},"3":{"line":51,"type":"cond-expr","locations":[{"start":{"line":52,"column":14},"end":{"line":52,"column":20}},{"start":{"line":53,"column":14},"end":{"line":53,"column":20}}]},"4":{"line":55,"type":"binary-expr","locations":[{"start":{"line":55,"column":16},"end":{"line":55,"column":44}},{"start":{"line":55,"column":49},"end":{"line":57,"column":43}}]},"5":{"line":55,"type":"cond-expr","locations":[{"start":{"line":56,"column":14},"end":{"line":56,"column":60}},{"start":{"line":57,"column":14},"end":{"line":57,"column":43}}]},"6":{"line":61,"type":"switch","locations":[{"start":{"line":68,"column":4},"end":{"line":150,"column":14},"skip":true},{"start":{"line":156,"column":4},"end":{"line":324,"column":14},"skip":true}]},"7":{"line":70,"type":"if","locations":[{"start":{"line":70,"column":12},"end":{"line":70,"column":12},"skip":true},{"start":{"line":70,"column":12},"end":{"line":70,"column":12},"skip":true}]},"8":{"line":70,"type":"binary-expr","locations":[{"start":{"line":70,"column":16},"end":{"line":70,"column":22},"skip":true},{"start":{"line":70,"column":27},"end":{"line":70,"column":32},"skip":true},{"start":{"line":71,"column":20},"end":{"line":71,"column":39},"skip":true},{"start":{"line":72,"column":20},"end":{"line":72,"column":49},"skip":true},{"start":{"line":73,"column":20},"end":{"line":73,"column":58},"skip":true},{"start":{"line":74,"column":20},"end":{"line":74,"column":69},"skip":true}]},"9":{"line":79,"type":"switch","locations":[{"start":{"line":80,"column":20},"end":{"line":80,"column":33},"skip":true},{"start":{"line":81,"column":20},"end":{"line":83,"column":30},"skip":true},{"start":{"line":84,"column":20},"end":{"line":85,"column":49},"skip":true}]},"10":{"line":89,"type":"switch","locations":[{"start":{"line":90,"column":12},"end":{"line":103,"column":22},"skip":true},{"start":{"line":105,"column":12},"end":{"line":106,"column":22},"skip":true}]},"11":{"line":89,"type":"binary-expr","locations":[{"start":{"line":89,"column":20},"end":{"line":89,"column":25},"skip":true},{"start":{"line":89,"column":29},"end":{"line":89,"column":48},"skip":true},{"start":{"line":89,"column":52},"end":{"line":89,"column":74},"skip":true}]},"12":{"line":92,"type":"if","locations":[{"start":{"line":92,"column":16},"end":{"line":92,"column":16},"skip":true},{"start":{"line":92,"column":16},"end":{"line":92,"column":16},"skip":true}]},"13":{"line":108,"type":"if","locations":[{"start":{"line":108,"column":12},"end":{"line":108,"column":12},"skip":true},{"start":{"line":108,"column":12},"end":{"line":108,"column":12},"skip":true}]},"14":{"line":108,"type":"binary-expr","locations":[{"start":{"line":108,"column":16},"end":{"line":108,"column":61},"skip":true},{"start":{"line":108,"column":66},"end":{"line":108,"column":72},"skip":true},{"start":{"line":108,"column":77},"end":{"line":108,"column":82},"skip":true},{"start":{"line":109,"column":20},"end":{"line":109,"column":39},"skip":true},{"start":{"line":110,"column":20},"end":{"line":110,"column":49},"skip":true},{"start":{"line":111,"column":20},"end":{"line":111,"column":58},"skip":true},{"start":{"line":112,"column":20},"end":{"line":112,"column":68},"skip":true}]},"15":{"line":129,"type":"if","locations":[{"start":{"line":129,"column":16},"end":{"line":129,"column":16},"skip":true},{"start":{"line":129,"column":16},"end":{"line":129,"column":16},"skip":true}]},"16":{"line":134,"type":"cond-expr","locations":[{"start":{"line":135,"column":26},"end":{"line":135,"column":29},"skip":true},{"start":{"line":136,"column":26},"end":{"line":136,"column":54},"skip":true}]},"17":{"line":164,"type":"binary-expr","locations":[{"start":{"line":164,"column":27},"end":{"line":164,"column":43},"skip":true},{"start":{"line":164,"column":47},"end":{"line":164,"column":49},"skip":true}]},"18":{"line":258,"type":"if","locations":[{"start":{"line":258,"column":8},"end":{"line":258,"column":8},"skip":true},{"start":{"line":258,"column":8},"end":{"line":258,"column":8},"skip":true}]},"19":{"line":275,"type":"switch","locations":[{"start":{"line":276,"column":20},"end":{"line":277,"column":64},"skip":true},{"start":{"line":278,"column":20},"end":{"line":279,"column":40},"skip":true},{"start":{"line":280,"column":20},"end":{"line":281,"column":40},"skip":true},{"start":{"line":282,"column":20},"end":{"line":283,"column":39},"skip":true}]},"20":{"line":288,"type":"if","locations":[{"start":{"line":288,"column":8},"end":{"line":288,"column":8},"skip":true},{"start":{"line":288,"column":8},"end":{"line":288,"column":8},"skip":true}]},"21":{"line":288,"type":"binary-expr","locations":[{"start":{"line":288,"column":12},"end":{"line":288,"column":40},"skip":true},{"start":{"line":288,"column":44},"end":{"line":288,"column":67},"skip":true}]},"22":{"line":292,"type":"binary-expr","locations":[{"start":{"line":292,"column":12},"end":{"line":292,"column":50},"skip":true},{"start":{"line":293,"column":12},"end":{"line":293,"column":53},"skip":true}]},"23":{"line":297,"type":"binary-expr","locations":[{"start":{"line":297,"column":12},"end":{"line":297,"column":74},"skip":true},{"start":{"line":298,"column":12},"end":{"line":301,"column":36},"skip":true}]},"24":{"line":303,"type":"binary-expr","locations":[{"start":{"line":303,"column":43},"end":{"line":303,"column":75},"skip":true},{"start":{"line":303,"column":79},"end":{"line":303,"column":81},"skip":true}]},"25":{"line":306,"type":"if","locations":[{"start":{"line":306,"column":8},"end":{"line":306,"column":8},"skip":true},{"start":{"line":306,"column":8},"end":{"line":306,"column":8},"skip":true}]},"26":{"line":310,"type":"if","locations":[{"start":{"line":310,"column":8},"end":{"line":310,"column":8},"skip":true},{"start":{"line":310,"column":8},"end":{"line":310,"column":8},"skip":true}]},"27":{"line":313,"type":"binary-expr","locations":[{"start":{"line":313,"column":27},"end":{"line":313,"column":43},"skip":true},{"start":{"line":313,"column":47},"end":{"line":313,"column":53},"skip":true}]},"28":{"line":317,"type":"if","locations":[{"start":{"line":317,"column":12},"end":{"line":317,"column":12},"skip":true},{"start":{"line":317,"column":12},"end":{"line":317,"column":12},"skip":true}]}},"code":["/*","example.js","","quickstart example","","instruction","    1. save this script as example.js","    2. run the shell command:","        $ npm install npmtest-machine_learning && PORT=8081 node example.js","    3. play with the browser-demo on http://127.0.0.1:8081","*/","","","","/* istanbul instrument in package npmtest_machine_learning */","/*jslint","    bitwise: true,","    browser: true,","    maxerr: 8,","    maxlen: 96,","    node: true,","    nomen: true,","    regexp: true,","    stupid: true","*/","(function () {","    'use strict';","    var local;","","","","    // run shared js-env code - pre-init","    (function () {","        // init local","        local = {};","        // init modeJs","        local.modeJs = (function () {","            try {","                return typeof navigator.userAgent === 'string' &&","                    typeof document.querySelector('body') === 'object' &&","                    typeof XMLHttpRequest.prototype.open === 'function' &&","                    'browser';","            } catch (errorCaughtBrowser) {","                return module.exports &&","                    typeof process.versions.node === 'string' &&","                    typeof require('http').createServer === 'function' &&","                    'node';","            }","        }());","        // init global","        local.global = local.modeJs === 'browser'","            ? window","            : global;","        // init utility2_rollup","        local = local.global.utility2_rollup || (local.modeJs === 'browser'","            ? local.global.utility2_npmtest_machine_learning","            : global.utility2_moduleExports);","        // export local","        local.global.local = local;","    }());","    switch (local.modeJs) {","","","","    // post-init","    // run browser js-env code - post-init","    /* istanbul ignore next */","    case 'browser':","        local.testRunBrowser = function (event) {","            if (!event || (event &&","                    event.currentTarget &&","                    event.currentTarget.className &&","                    event.currentTarget.className.includes &&","                    event.currentTarget.className.includes('onreset'))) {","                // reset output","                Array.from(","                    document.querySelectorAll('body > .resettable')","                ).forEach(function (element) {","                    switch (element.tagName) {","                    case 'INPUT':","                    case 'TEXTAREA':","                        element.value = '';","                        break;","                    default:","                        element.textContent = '';","                    }","                });","            }","            switch (event && event.currentTarget && event.currentTarget.id) {","            case 'testRunButton1':","                // show tests","                if (document.querySelector('#testReportDiv1').style.display === 'none') {","                    document.querySelector('#testReportDiv1').style.display = 'block';","                    document.querySelector('#testRunButton1').textContent =","                        'hide internal test';","                    local.modeTest = true;","                    local.testRunDefault(local);","                // hide tests","                } else {","                    document.querySelector('#testReportDiv1').style.display = 'none';","                    document.querySelector('#testRunButton1').textContent = 'run internal test';","                }","                break;","            // custom-case","            default:","                break;","            }","            if (document.querySelector('#inputTextareaEval1') && (!event || (event &&","                    event.currentTarget &&","                    event.currentTarget.className &&","                    event.currentTarget.className.includes &&","                    event.currentTarget.className.includes('oneval')))) {","                // try to eval input-code","                try {","                    /*jslint evil: true*/","                    eval(document.querySelector('#inputTextareaEval1').value);","                } catch (errorCaught) {","                    console.error(errorCaught);","                }","            }","        };","        // log stderr and stdout to #outputTextareaStdout1","        ['error', 'log'].forEach(function (key) {","            console[key + '_original'] = console[key];","            console[key] = function () {","                var element;","                console[key + '_original'].apply(console, arguments);","                element = document.querySelector('#outputTextareaStdout1');","                if (!element) {","                    return;","                }","                // append text to #outputTextareaStdout1","                element.value += Array.from(arguments).map(function (arg) {","                    return typeof arg === 'string'","                        ? arg","                        : JSON.stringify(arg, null, 4);","                }).join(' ') + '\\n';","                // scroll textarea to bottom","                element.scrollTop = element.scrollHeight;","            };","        });","        // init event-handling","        ['change', 'click', 'keyup'].forEach(function (event) {","            Array.from(document.querySelectorAll('.on' + event)).forEach(function (element) {","                element.addEventListener(event, local.testRunBrowser);","            });","        });","        // run tests","        local.testRunBrowser();","        break;","","","","    // run node js-env code - post-init","    /* istanbul ignore next */","    case 'node':","        // export local","        module.exports = local;","        // require modules","        local.fs = require('fs');","        local.http = require('http');","        local.url = require('url');","        // init assets","        local.assetsDict = local.assetsDict || {};","        /* jslint-ignore-begin */","        local.assetsDict['/assets.index.template.html'] = '\\","<!doctype html>\\n\\","<html lang=\"en\">\\n\\","<head>\\n\\","<meta charset=\"UTF-8\">\\n\\","<meta name=\"viewport\" content=\"width=device-width, initial-scale=1\">\\n\\","<title>{{env.npm_package_name}} (v{{env.npm_package_version}})</title>\\n\\","<style>\\n\\","/*csslint\\n\\","    box-sizing: false,\\n\\","    universal-selector: false\\n\\","*/\\n\\","* {\\n\\","    box-sizing: border-box;\\n\\","}\\n\\","body {\\n\\","    background: #dde;\\n\\","    font-family: Arial, Helvetica, sans-serif;\\n\\","    margin: 2rem;\\n\\","}\\n\\","body > * {\\n\\","    margin-bottom: 1rem;\\n\\","}\\n\\",".utility2FooterDiv {\\n\\","    margin-top: 20px;\\n\\","    text-align: center;\\n\\","}\\n\\","</style>\\n\\","<style>\\n\\","/*csslint\\n\\","*/\\n\\","textarea {\\n\\","    font-family: monospace;\\n\\","    height: 10rem;\\n\\","    width: 100%;\\n\\","}\\n\\","textarea[readonly] {\\n\\","    background: #ddd;\\n\\","}\\n\\","</style>\\n\\","</head>\\n\\","<body>\\n\\","<!-- utility2-comment\\n\\","<div id=\"ajaxProgressDiv1\" style=\"background: #d00; height: 2px; left: 0; margin: 0; padding: 0; position: fixed; top: 0; transition: background 0.5s, width 1.5s; width: 25%;\"></div>\\n\\","utility2-comment -->\\n\\","<h1>\\n\\","<!-- utility2-comment\\n\\","    <a\\n\\","        {{#if env.npm_package_homepage}}\\n\\","        href=\"{{env.npm_package_homepage}}\"\\n\\","        {{/if env.npm_package_homepage}}\\n\\","        target=\"_blank\"\\n\\","    >\\n\\","utility2-comment -->\\n\\","        {{env.npm_package_name}} (v{{env.npm_package_version}})\\n\\","<!-- utility2-comment\\n\\","    </a>\\n\\","utility2-comment -->\\n\\","</h1>\\n\\","<h3>{{env.npm_package_description}}</h3>\\n\\","<!-- utility2-comment\\n\\","<h4><a download href=\"assets.app.js\">download standalone app</a></h4>\\n\\","<button class=\"onclick onreset\" id=\"testRunButton1\">run internal test</button><br>\\n\\","<div id=\"testReportDiv1\" style=\"display: none;\"></div>\\n\\","utility2-comment -->\\n\\","\\n\\","\\n\\","\\n\\","<label>stderr and stdout</label>\\n\\","<textarea class=\"resettable\" id=\"outputTextareaStdout1\" readonly></textarea>\\n\\","<!-- utility2-comment\\n\\","{{#if isRollup}}\\n\\","<script src=\"assets.app.js\"></script>\\n\\","{{#unless isRollup}}\\n\\","utility2-comment -->\\n\\","<script src=\"assets.utility2.rollup.js\"></script>\\n\\","<script src=\"jsonp.utility2._stateInit?callback=window.utility2._stateInit\"></script>\\n\\","<script src=\"assets.npmtest_machine_learning.rollup.js\"></script>\\n\\","<script src=\"assets.example.js\"></script>\\n\\","<script src=\"assets.test.js\"></script>\\n\\","<!-- utility2-comment\\n\\","{{/if isRollup}}\\n\\","utility2-comment -->\\n\\","<div class=\"utility2FooterDiv\">\\n\\","    [ this app was created with\\n\\","    <a href=\"https://github.com/kaizhu256/node-utility2\" target=\"_blank\">utility2</a>\\n\\","    ]\\n\\","</div>\\n\\","</body>\\n\\","</html>\\n\\","';","        /* jslint-ignore-end */","        if (local.templateRender) {","            local.assetsDict['/'] = local.templateRender(","                local.assetsDict['/assets.index.template.html'],","                {","                    env: local.objectSetDefault(local.env, {","                        npm_package_description: 'the greatest app in the world!',","                        npm_package_name: 'my-app',","                        npm_package_nameAlias: 'my_app',","                        npm_package_version: '0.0.1'","                    })","                }","            );","        } else {","            local.assetsDict['/'] = local.assetsDict['/assets.index.template.html']","                .replace((/\\{\\{env\\.(\\w+?)\\}\\}/g), function (match0, match1) {","                    // jslint-hack","                    String(match0);","                    switch (match1) {","                    case 'npm_package_description':","                        return 'the greatest app in the world!';","                    case 'npm_package_name':","                        return 'my-app';","                    case 'npm_package_nameAlias':","                        return 'my_app';","                    case 'npm_package_version':","                        return '0.0.1';","                    }","                });","        }","        // run the cli","        if (local.global.utility2_rollup || module !== require.main) {","            break;","        }","        local.assetsDict['/assets.example.js'] =","            local.assetsDict['/assets.example.js'] ||","            local.fs.readFileSync(__filename, 'utf8');","        // bug-workaround - long $npm_package_buildCustomOrg","        /* jslint-ignore-begin */","        local.assetsDict['/assets.npmtest_machine_learning.rollup.js'] =","            local.assetsDict['/assets.npmtest_machine_learning.rollup.js'] ||","            local.fs.readFileSync(","                local.npmtest_machine_learning.__dirname + '/lib.npmtest_machine_learning.js',","                'utf8'","            ).replace((/^#!/), '//');","        /* jslint-ignore-end */","        local.assetsDict['/favicon.ico'] = local.assetsDict['/favicon.ico'] || '';","        // if $npm_config_timeout_exit exists,","        // then exit this process after $npm_config_timeout_exit ms","        if (Number(process.env.npm_config_timeout_exit)) {","            setTimeout(process.exit, Number(process.env.npm_config_timeout_exit));","        }","        // start server","        if (local.global.utility2_serverHttp1) {","            break;","        }","        process.env.PORT = process.env.PORT || '8081';","        console.error('server starting on port ' + process.env.PORT);","        local.http.createServer(function (request, response) {","            request.urlParsed = local.url.parse(request.url);","            if (local.assetsDict[request.urlParsed.pathname] !== undefined) {","                response.end(local.assetsDict[request.urlParsed.pathname]);","                return;","            }","            response.statusCode = 404;","            response.end();","        }).listen(process.env.PORT);","        break;","    }","}());",""],"l":{"26":2,"28":2,"33":2,"35":2,"37":2,"38":2,"39":2,"44":1,"51":2,"55":2,"59":2,"61":2,"69":1,"70":2,"76":2,"79":2,"82":2,"83":2,"85":1,"89":2,"92":1,"93":1,"94":1,"96":1,"97":1,"100":1,"101":1,"103":1,"106":1,"108":2,"114":1,"116":1,"118":1,"123":1,"124":2,"125":2,"126":3,"127":3,"128":3,"129":3,"130":1,"133":3,"134":3,"139":3,"143":1,"144":3,"145":1,"149":1,"150":1,"158":1,"160":1,"161":1,"162":1,"164":1,"166":1,"258":1,"259":1,"271":1,"274":6,"275":6,"277":1,"279":2,"281":1,"283":2,"288":1,"289":1,"291":1,"296":1,"303":1,"306":1,"307":1,"310":1,"311":1,"313":1,"314":1,"315":1,"316":1,"317":1,"318":1,"319":1,"321":1,"322":1,"324":1}},"/home/travis/build/npmtest/node-npmtest-machine_learning/node_modules/machine_learning/lib/machine_learning.js":{"path":"/home/travis/build/npmtest/node-npmtest-machine_learning/node_modules/machine_learning/lib/machine_learning.js","s":{"1":1,"2":1,"3":1,"4":1,"5":1,"6":1,"7":1,"8":1,"9":1},"b":{},"f":{},"fnMap":{},"statementMap":{"1":{"start":{"line":7,"column":0},"end":{"line":7,"column":24}},"2":{"start":{"line":9,"column":0},"end":{"line":9,"column":32}},"3":{"start":{"line":11,"column":0},"end":{"line":11,"column":26}},"4":{"start":{"line":13,"column":0},"end":{"line":13,"column":26}},"5":{"start":{"line":15,"column":0},"end":{"line":15,"column":26}},"6":{"start":{"line":17,"column":0},"end":{"line":17,"column":36}},"7":{"start":{"line":19,"column":0},"end":{"line":19,"column":26}},"8":{"start":{"line":21,"column":0},"end":{"line":21,"column":44}},"9":{"start":{"line":23,"column":0},"end":{"line":23,"column":56}}},"branchMap":{},"code":["/**"," * Created by joonkukang on 2014. 1. 18.."," */","","'use strict';","","let ml = module.exports;","","ml.kmeans = require('./kmeans');","","ml.KNN = require('./knn');","","ml.SVM = require('./svm');","","ml.nmf = require('./nmf');","","ml.optimize = require('./optimize');","","ml.MLP = require('./mlp');","","ml.DecisionTree = require('./DecisionTree');","","ml.LogisticRegression = require('./LogisticRegression');",""],"l":{"7":1,"9":1,"11":1,"13":1,"15":1,"17":1,"19":1,"21":1,"23":1}},"/home/travis/build/npmtest/node-npmtest-machine_learning/node_modules/machine_learning/lib/kmeans.js":{"path":"/home/travis/build/npmtest/node-npmtest-machine_learning/node_modules/machine_learning/lib/kmeans.js","s":{"1":1,"2":1,"3":1,"4":0,"5":0,"6":0,"7":0,"8":0,"9":0,"10":0,"11":0,"12":0,"13":0,"14":0,"15":0,"16":0,"17":0,"18":0,"19":0,"20":0,"21":0,"22":0,"23":0,"24":0,"25":0,"26":0,"27":0,"28":0,"29":0,"30":0,"31":0,"32":0,"33":0,"34":0,"35":0,"36":0,"37":0,"38":1,"39":0,"40":0,"41":0,"42":0,"43":0,"44":0,"45":0,"46":0,"47":0,"48":0,"49":0,"50":0,"51":0,"52":0,"53":0,"54":0,"55":0,"56":0,"57":0,"58":0,"59":0,"60":0,"61":1,"62":0,"63":0,"64":0,"65":0,"66":0,"67":0,"68":0,"69":0},"b":{"1":[0,0],"2":[0,0],"3":[0,0],"4":[0,0],"5":[0,0],"6":[0,0],"7":[0,0],"8":[0,0],"9":[0,0],"10":[0,0]},"f":{"1":0,"2":0,"3":0},"fnMap":{"1":{"name":"(anonymous_1)","line":7,"loc":{"start":{"line":7,"column":17},"end":{"line":7,"column":35}}},"2":{"name":"(anonymous_2)","line":60,"loc":{"start":{"line":60,"column":21},"end":{"line":60,"column":55}}},"3":{"name":"getDistanceFunction","line":91,"loc":{"start":{"line":91,"column":0},"end":{"line":91,"column":38}}}},"statementMap":{"1":{"start":{"line":4,"column":0},"end":{"line":4,"column":35}},"2":{"start":{"line":5,"column":0},"end":{"line":5,"column":28}},"3":{"start":{"line":7,"column":0},"end":{"line":58,"column":1}},"4":{"start":{"line":8,"column":4},"end":{"line":8,"column":31}},"5":{"start":{"line":9,"column":4},"end":{"line":9,"column":25}},"6":{"start":{"line":10,"column":4},"end":{"line":10,"column":60}},"7":{"start":{"line":11,"column":4},"end":{"line":11,"column":35}},"8":{"start":{"line":12,"column":4},"end":{"line":12,"column":53}},"9":{"start":{"line":13,"column":4},"end":{"line":13,"column":47}},"10":{"start":{"line":14,"column":8},"end":{"line":14,"column":31}},"11":{"start":{"line":15,"column":4},"end":{"line":15,"column":56}},"12":{"start":{"line":17,"column":4},"end":{"line":17,"column":23}},"13":{"start":{"line":18,"column":4},"end":{"line":18,"column":22}},"14":{"start":{"line":19,"column":4},"end":{"line":20,"column":26}},"15":{"start":{"line":20,"column":8},"end":{"line":20,"column":26}},"16":{"start":{"line":22,"column":4},"end":{"line":53,"column":5}},"17":{"start":{"line":23,"column":8},"end":{"line":23,"column":22}},"18":{"start":{"line":24,"column":8},"end":{"line":25,"column":30}},"19":{"start":{"line":25,"column":12},"end":{"line":25,"column":30}},"20":{"start":{"line":28,"column":8},"end":{"line":34,"column":9}},"21":{"start":{"line":29,"column":12},"end":{"line":29,"column":30}},"22":{"start":{"line":30,"column":12},"end":{"line":32,"column":13}},"23":{"start":{"line":31,"column":16},"end":{"line":31,"column":98}},"24":{"start":{"line":31,"column":84},"end":{"line":31,"column":98}},"25":{"start":{"line":33,"column":12},"end":{"line":33,"column":40}},"26":{"start":{"line":37,"column":8},"end":{"line":52,"column":9}},"27":{"start":{"line":38,"column":12},"end":{"line":38,"column":26}},"28":{"start":{"line":39,"column":12},"end":{"line":40,"column":31}},"29":{"start":{"line":40,"column":16},"end":{"line":40,"column":31}},"30":{"start":{"line":41,"column":12},"end":{"line":51,"column":13}},"31":{"start":{"line":42,"column":16},"end":{"line":46,"column":17}},"32":{"start":{"line":43,"column":20},"end":{"line":45,"column":21}},"33":{"start":{"line":44,"column":24},"end":{"line":44,"column":59}},"34":{"start":{"line":47,"column":16},"end":{"line":49,"column":17}},"35":{"start":{"line":48,"column":20},"end":{"line":48,"column":50}},"36":{"start":{"line":50,"column":16},"end":{"line":50,"column":32}},"37":{"start":{"line":54,"column":4},"end":{"line":57,"column":6}},"38":{"start":{"line":60,"column":0},"end":{"line":88,"column":1}},"39":{"start":{"line":61,"column":4},"end":{"line":61,"column":22}},"40":{"start":{"line":62,"column":4},"end":{"line":86,"column":5}},"41":{"start":{"line":63,"column":8},"end":{"line":63,"column":52}},"42":{"start":{"line":64,"column":8},"end":{"line":64,"column":52}},"43":{"start":{"line":65,"column":8},"end":{"line":67,"column":9}},"44":{"start":{"line":66,"column":12},"end":{"line":66,"column":50}},"45":{"start":{"line":69,"column":8},"end":{"line":69,"column":16}},"46":{"start":{"line":70,"column":8},"end":{"line":70,"column":24}},"47":{"start":{"line":71,"column":8},"end":{"line":78,"column":9}},"48":{"start":{"line":72,"column":12},"end":{"line":72,"column":52}},"49":{"start":{"line":73,"column":12},"end":{"line":76,"column":13}},"50":{"start":{"line":74,"column":16},"end":{"line":74,"column":54}},"51":{"start":{"line":74,"column":37},"end":{"line":74,"column":54}},"52":{"start":{"line":75,"column":16},"end":{"line":75,"column":54}},"53":{"start":{"line":75,"column":37},"end":{"line":75,"column":54}},"54":{"start":{"line":77,"column":12},"end":{"line":77,"column":35}},"55":{"start":{"line":79,"column":8},"end":{"line":85,"column":9}},"56":{"start":{"line":80,"column":12},"end":{"line":80,"column":29}},"57":{"start":{"line":81,"column":12},"end":{"line":83,"column":13}},"58":{"start":{"line":82,"column":16},"end":{"line":82,"column":91}},"59":{"start":{"line":84,"column":12},"end":{"line":84,"column":35}},"60":{"start":{"line":87,"column":4},"end":{"line":87,"column":20}},"61":{"start":{"line":91,"column":0},"end":{"line":101,"column":1}},"62":{"start":{"line":92,"column":4},"end":{"line":100,"column":5}},"63":{"start":{"line":93,"column":8},"end":{"line":93,"column":30}},"64":{"start":{"line":94,"column":11},"end":{"line":100,"column":5}},"65":{"start":{"line":95,"column":8},"end":{"line":95,"column":23}},"66":{"start":{"line":96,"column":11},"end":{"line":100,"column":5}},"67":{"start":{"line":97,"column":8},"end":{"line":97,"column":30}},"68":{"start":{"line":98,"column":11},"end":{"line":100,"column":5}},"69":{"start":{"line":99,"column":8},"end":{"line":99,"column":28}}},"branchMap":{"1":{"line":13,"type":"if","locations":[{"start":{"line":13,"column":4},"end":{"line":13,"column":4}},{"start":{"line":13,"column":4},"end":{"line":13,"column":4}}]},"2":{"line":31,"type":"if","locations":[{"start":{"line":31,"column":16},"end":{"line":31,"column":16}},{"start":{"line":31,"column":16},"end":{"line":31,"column":16}}]},"3":{"line":41,"type":"if","locations":[{"start":{"line":41,"column":12},"end":{"line":41,"column":12}},{"start":{"line":41,"column":12},"end":{"line":41,"column":12}}]},"4":{"line":62,"type":"if","locations":[{"start":{"line":62,"column":4},"end":{"line":62,"column":4}},{"start":{"line":62,"column":4},"end":{"line":62,"column":4}}]},"5":{"line":74,"type":"if","locations":[{"start":{"line":74,"column":16},"end":{"line":74,"column":16}},{"start":{"line":74,"column":16},"end":{"line":74,"column":16}}]},"6":{"line":75,"type":"if","locations":[{"start":{"line":75,"column":16},"end":{"line":75,"column":16}},{"start":{"line":75,"column":16},"end":{"line":75,"column":16}}]},"7":{"line":92,"type":"if","locations":[{"start":{"line":92,"column":4},"end":{"line":92,"column":4}},{"start":{"line":92,"column":4},"end":{"line":92,"column":4}}]},"8":{"line":94,"type":"if","locations":[{"start":{"line":94,"column":11},"end":{"line":94,"column":11}},{"start":{"line":94,"column":11},"end":{"line":94,"column":11}}]},"9":{"line":96,"type":"if","locations":[{"start":{"line":96,"column":11},"end":{"line":96,"column":11}},{"start":{"line":96,"column":11},"end":{"line":96,"column":11}}]},"10":{"line":98,"type":"if","locations":[{"start":{"line":98,"column":11},"end":{"line":98,"column":11}},{"start":{"line":98,"column":11},"end":{"line":98,"column":11}}]}},"code":["/**"," * Created by joonkukang on 2014. 1. 16.."," */","var math = require('./utils').math;","let Kmeans = module.exports;","","Kmeans.cluster = function(options) {","    var data = options['data'];","    var k = options['k'];","    var distance = getDistanceFunction(options['distance']);","    var epochs = options['epochs'];","    var init_using_data = options['init_using_data'];","    if(typeof init_using_data === \"undefined\");","        init_using_data = true;","    var means = getRandomMeans(data,k, init_using_data);","","    var epoch, i, j, l;","    var clusters = [];","    for(i=0 ; i<k ; i++)","        clusters.push([]);","","    for(epoch=0 ; epoch<epochs ; epoch++) {","        clusters = [];","        for(i=0 ; i<k ; i++)","            clusters.push([]);","","        // Find which centroid is the closest for each row","        for(i=0 ; i<data.length ; i++) {","            var bestmatch = 0;","            for(j=0 ; j<k ; j++) {","                if(distance(means[j],data[i]) < distance(means[bestmatch],data[i])) bestmatch = j;","            }","            clusters[bestmatch].push(i);","        }","","        // Move the centroids to the average of their members","        for(i=0 ; i<k ; i++) {","            var avgs = [];","            for(j=0 ; j<data[0].length ; j++)","                avgs.push(0.0);","            if(clusters[i].length > 0) {","                for(j=0 ; j<clusters[i].length ; j++) {","                    for(l=0 ; l<data[0].length ; l++) {","                        avgs[l] += data[clusters[i][j]][l];","                    }","                }","                for(j=0 ; j<data[0].length ; j++) {","                    avgs[j] /= clusters[i].length;","                }","                means[i] = avgs;","            }","        }","    }","    return {","        clusters : clusters,","        means : means","    };","}","","var getRandomMeans = function(data,k, init_using_data) {","    var clusters = [];","    if(init_using_data) {","        var cluster_index = math.range(data.length);","        cluster_index = math.shuffle(cluster_index);","        for(i=0 ; i<k ; i++) {","            clusters.push(data[cluster_index[i]]);","        }","    } else {","        var i,j;","        var ranges = [];","        for(i=0 ; i<data[0].length ; i++) {","            var min = data[0][i] , max = data[0][i];","            for(j=0 ; j<data.length ; j++) {","                if(data[j][i] < min) min = data[j][i];","                if(data[j][i] > max) max = data[j][i];","            }","            ranges.push([min,max]);","        }","        for(i=0 ; i<k ; i++) {","            var cluster = [];","            for(j=0 ; j<data[0].length;j++) {","                cluster.push(Math.random() * (ranges[j][1] - ranges[j][0]) + ranges[j][0]);","            }","            clusters.push(cluster);","        }","    }","    return clusters;","}","","","function getDistanceFunction(options) {","    if(typeof options === 'undefined') {","        return math.euclidean;","    } else if (typeof options === 'function') {","        return options;","    } else if (options['type'] === 'euclidean') {","        return math.euclidean;","    } else if (options['type'] === 'pearson') {","        return math.pearson;","    }","}",""],"l":{"4":1,"5":1,"7":1,"8":0,"9":0,"10":0,"11":0,"12":0,"13":0,"14":0,"15":0,"17":0,"18":0,"19":0,"20":0,"22":0,"23":0,"24":0,"25":0,"28":0,"29":0,"30":0,"31":0,"33":0,"37":0,"38":0,"39":0,"40":0,"41":0,"42":0,"43":0,"44":0,"47":0,"48":0,"50":0,"54":0,"60":1,"61":0,"62":0,"63":0,"64":0,"65":0,"66":0,"69":0,"70":0,"71":0,"72":0,"73":0,"74":0,"75":0,"77":0,"79":0,"80":0,"81":0,"82":0,"84":0,"87":0,"91":1,"92":0,"93":0,"94":0,"95":0,"96":0,"97":0,"98":0,"99":0}},"/home/travis/build/npmtest/node-npmtest-machine_learning/node_modules/machine_learning/lib/utils.js":{"path":"/home/travis/build/npmtest/node-npmtest-machine_learning/node_modules/machine_learning/lib/utils.js","s":{"1":1,"2":1,"3":1,"4":0},"b":{"1":[0,0]},"f":{"1":0},"fnMap":{"1":{"name":"(anonymous_1)","line":8,"loc":{"start":{"line":8,"column":17},"end":{"line":8,"column":29}}}},"statementMap":{"1":{"start":{"line":4,"column":0},"end":{"line":4,"column":27}},"2":{"start":{"line":6,"column":0},"end":{"line":6,"column":31}},"3":{"start":{"line":8,"column":0},"end":{"line":10,"column":1}},"4":{"start":{"line":9,"column":4},"end":{"line":9,"column":48}}},"branchMap":{"1":{"line":9,"type":"binary-expr","locations":[{"start":{"line":9,"column":11},"end":{"line":9,"column":32}},{"start":{"line":9,"column":36},"end":{"line":9,"column":47}}]}},"code":["/**"," * Created by joonkukang on 2014. 1. 18.."," */","let utils = module.exports;","","utils.math = require('./math');","","utils.isNumber = function(n) {","    return !isNaN(parseFloat(n)) && isFinite(n);","}",""],"l":{"4":1,"6":1,"8":1,"9":0}},"/home/travis/build/npmtest/node-npmtest-machine_learning/node_modules/machine_learning/lib/math.js":{"path":"/home/travis/build/npmtest/node-npmtest-machine_learning/node_modules/machine_learning/lib/math.js","s":{"1":1,"2":1,"3":0,"4":0,"5":0,"6":0,"7":0,"8":0,"9":0,"10":1,"11":0,"12":0,"13":0,"14":1,"15":0,"16":0,"17":0,"18":0,"19":0,"20":0,"21":0,"22":1,"23":0,"24":0,"25":0,"26":0,"27":0,"28":0,"29":0,"30":1,"31":0,"32":0,"33":0,"34":0,"35":0,"36":0,"37":0,"38":0,"39":0,"40":1,"41":0,"42":0,"43":0,"44":0,"45":0,"46":0,"47":0,"48":1,"49":0,"50":0,"51":0,"52":0,"53":0,"54":0,"55":0,"56":1,"57":0,"58":0,"59":0,"60":0,"61":0,"62":0,"63":0,"64":0,"65":1,"66":0,"67":0,"68":0,"69":0,"70":0,"71":0,"72":0,"73":0,"74":1,"75":0,"76":0,"77":0,"78":0,"79":0,"80":0,"81":1,"82":0,"83":0,"84":0,"85":0,"86":0,"87":0,"88":1,"89":0,"90":0,"91":0,"92":1,"93":0,"94":0,"95":0,"96":0,"97":1,"98":0,"99":0,"100":0,"101":0,"102":0,"103":0,"104":0,"105":0,"106":0,"107":1,"108":0,"109":0,"110":0,"111":0,"112":0,"113":0,"114":0,"115":0,"116":0,"117":1,"118":0,"119":0,"120":0,"121":0,"122":0,"123":0,"124":0,"125":0,"126":0,"127":0,"128":1,"129":0,"130":0,"131":0,"132":0,"133":0,"134":1,"135":0,"136":0,"137":0,"138":0,"139":0,"140":0,"141":1,"142":0,"143":0,"144":0,"145":0,"146":0,"147":0,"148":0,"149":0,"150":0,"151":1,"152":0,"153":1,"154":0,"155":0,"156":0,"157":1,"158":0,"159":0,"160":0,"161":0,"162":0,"163":0,"164":0,"165":0,"166":0,"167":1,"168":0,"169":0,"170":0,"171":0,"172":0,"173":1,"174":0,"175":0,"176":0,"177":0,"178":0,"179":1,"180":0,"181":0,"182":0,"183":0,"184":0,"185":0,"186":1,"187":0,"188":0,"189":0,"190":0,"191":0,"192":0,"193":1,"194":0,"195":0,"196":0,"197":0,"198":0,"199":0,"200":0,"201":1,"202":0,"203":0,"204":0,"205":0,"206":0,"207":0,"208":0,"209":1,"210":0,"211":0,"212":0,"213":0,"214":1,"215":0,"216":0,"217":0,"218":0,"219":1,"220":0,"221":0,"222":0,"223":0,"224":1,"225":0,"226":0,"227":0,"228":0,"229":1,"230":0,"231":0,"232":0,"233":0,"234":0,"235":0,"236":1,"237":0,"238":0,"239":0,"240":0,"241":0,"242":0,"243":1,"244":0,"245":0,"246":0,"247":0,"248":1,"249":0,"250":0,"251":0,"252":0,"253":1,"254":0,"255":0,"256":0,"257":0,"258":0,"259":0,"260":1,"261":0,"262":0,"263":0,"264":0,"265":0,"266":0,"267":1,"268":0,"269":0,"270":1,"271":0,"272":0,"273":0,"274":0,"275":0,"276":0,"277":0,"278":0,"279":0,"280":0,"281":0,"282":0,"283":1,"284":0,"285":0,"286":0,"287":0,"288":1,"289":0,"290":0,"291":0,"292":0,"293":0,"294":0,"295":0,"296":0,"297":0,"298":1,"299":0,"300":0,"301":0,"302":0,"303":0,"304":0,"305":1,"306":0,"307":0,"308":0,"309":0,"310":0,"311":0,"312":0,"313":0,"314":0,"315":1,"316":0,"317":0,"318":0,"319":0,"320":1,"321":0,"322":0,"323":0,"324":0,"325":0,"326":0,"327":0,"328":1,"329":0,"330":0,"331":0,"332":0,"333":0,"334":1,"335":0,"336":0,"337":0,"338":0,"339":1,"340":0,"341":0,"342":1,"343":0,"344":0,"345":0,"346":0,"347":0,"348":0,"349":0,"350":1,"351":0,"352":0,"353":0,"354":0,"355":0,"356":0,"357":1,"358":0,"359":0,"360":0,"361":0,"362":0,"363":0,"364":0,"365":0,"366":0,"367":0,"368":0,"369":0,"370":0,"371":0,"372":0,"373":0,"374":0,"375":0,"376":0,"377":0,"378":0,"379":0,"380":0,"381":0,"382":1,"383":0,"384":0,"385":0,"386":0,"387":0,"388":1,"389":0,"390":0,"391":1,"392":0,"393":0,"394":0,"395":0,"396":0,"397":0,"398":1,"399":0,"400":0,"401":0,"402":0,"403":0,"404":0,"405":0,"406":0,"407":1,"408":0,"409":0,"410":0,"411":0,"412":0,"413":1,"414":0,"415":0,"416":0,"417":0,"418":0,"419":0,"420":0,"421":0,"422":0},"b":{"1":[0,0],"2":[0,0],"3":[0,0],"4":[0,0],"5":[0,0],"6":[0,0],"7":[0,0],"8":[0,0],"9":[0,0],"10":[0,0],"11":[0,0],"12":[0,0],"13":[0,0],"14":[0,0],"15":[0,0],"16":[0,0],"17":[0,0],"18":[0,0],"19":[0,0],"20":[0,0],"21":[0,0],"22":[0,0],"23":[0,0],"24":[0,0],"25":[0,0],"26":[0,0],"27":[0,0],"28":[0,0],"29":[0,0],"30":[0,0],"31":[0,0],"32":[0,0],"33":[0,0]},"f":{"1":0,"2":0,"3":0,"4":0,"5":0,"6":0,"7":0,"8":0,"9":0,"10":0,"11":0,"12":0,"13":0,"14":0,"15":0,"16":0,"17":0,"18":0,"19":0,"20":0,"21":0,"22":0,"23":0,"24":0,"25":0,"26":0,"27":0,"28":0,"29":0,"30":0,"31":0,"32":0,"33":0,"34":0,"35":0,"36":0,"37":0,"38":0,"39":0,"40":0,"41":0,"42":0,"43":0,"44":0,"45":0,"46":0,"47":0,"48":0,"49":0,"50":0,"51":0,"52":0,"53":0,"54":0,"55":0,"56":0,"57":0,"58":0,"59":0,"60":0,"61":0,"62":0},"fnMap":{"1":{"name":"(anonymous_1)","line":6,"loc":{"start":{"line":6,"column":10},"end":{"line":6,"column":21}}},"2":{"name":"(anonymous_2)","line":20,"loc":{"start":{"line":20,"column":10},"end":{"line":20,"column":24}}},"3":{"name":"(anonymous_3)","line":26,"loc":{"start":{"line":26,"column":11},"end":{"line":26,"column":32}}},"4":{"name":"(anonymous_4)","line":38,"loc":{"start":{"line":38,"column":13},"end":{"line":38,"column":33}}},"5":{"name":"(anonymous_5)","line":50,"loc":{"start":{"line":50,"column":17},"end":{"line":50,"column":38}}},"6":{"name":"(anonymous_6)","line":64,"loc":{"start":{"line":64,"column":14},"end":{"line":64,"column":32}}},"7":{"name":"(anonymous_7)","line":76,"loc":{"start":{"line":76,"column":16},"end":{"line":76,"column":34}}},"8":{"name":"(anonymous_8)","line":88,"loc":{"start":{"line":88,"column":11},"end":{"line":88,"column":33}}},"9":{"name":"(anonymous_9)","line":103,"loc":{"start":{"line":103,"column":13},"end":{"line":103,"column":34}}},"10":{"name":"(anonymous_10)","line":118,"loc":{"start":{"line":118,"column":14},"end":{"line":118,"column":29}}},"11":{"name":"(anonymous_11)","line":129,"loc":{"start":{"line":129,"column":11},"end":{"line":129,"column":33}}},"12":{"name":"(anonymous_12)","line":141,"loc":{"start":{"line":141,"column":13},"end":{"line":141,"column":34}}},"13":{"name":"(anonymous_13)","line":147,"loc":{"start":{"line":147,"column":17},"end":{"line":147,"column":38}}},"14":{"name":"(anonymous_14)","line":154,"loc":{"start":{"line":154,"column":17},"end":{"line":154,"column":38}}},"15":{"name":"(anonymous_15)","line":168,"loc":{"start":{"line":168,"column":22},"end":{"line":168,"column":43}}},"16":{"name":"(anonymous_16)","line":187,"loc":{"start":{"line":187,"column":11},"end":{"line":187,"column":33}}},"17":{"name":"(anonymous_17)","line":208,"loc":{"start":{"line":208,"column":11},"end":{"line":208,"column":25}}},"18":{"name":"(anonymous_18)","line":217,"loc":{"start":{"line":217,"column":11},"end":{"line":217,"column":25}}},"19":{"name":"(anonymous_19)","line":227,"loc":{"start":{"line":227,"column":15},"end":{"line":227,"column":34}}},"20":{"name":"(anonymous_20)","line":243,"loc":{"start":{"line":243,"column":12},"end":{"line":243,"column":26}}},"21":{"name":"(anonymous_21)","line":247,"loc":{"start":{"line":247,"column":12},"end":{"line":247,"column":26}}},"22":{"name":"(anonymous_22)","line":253,"loc":{"start":{"line":253,"column":16},"end":{"line":253,"column":35}}},"23":{"name":"(anonymous_23)","line":269,"loc":{"start":{"line":269,"column":14},"end":{"line":269,"column":28}}},"24":{"name":"(anonymous_24)","line":278,"loc":{"start":{"line":278,"column":14},"end":{"line":278,"column":28}}},"25":{"name":"(anonymous_25)","line":287,"loc":{"start":{"line":287,"column":11},"end":{"line":287,"column":25}}},"26":{"name":"(anonymous_26)","line":297,"loc":{"start":{"line":297,"column":11},"end":{"line":297,"column":25}}},"27":{"name":"(anonymous_27)","line":307,"loc":{"start":{"line":307,"column":11},"end":{"line":307,"column":25}}},"28":{"name":"(anonymous_28)","line":319,"loc":{"start":{"line":319,"column":11},"end":{"line":319,"column":25}}},"29":{"name":"(anonymous_29)","line":331,"loc":{"start":{"line":331,"column":12},"end":{"line":331,"column":24}}},"30":{"name":"(anonymous_30)","line":338,"loc":{"start":{"line":338,"column":12},"end":{"line":338,"column":30}}},"31":{"name":"(anonymous_31)","line":345,"loc":{"start":{"line":345,"column":11},"end":{"line":345,"column":23}}},"32":{"name":"(anonymous_32)","line":352,"loc":{"start":{"line":352,"column":11},"end":{"line":352,"column":29}}},"33":{"name":"(anonymous_33)","line":359,"loc":{"start":{"line":359,"column":12},"end":{"line":359,"column":36}}},"34":{"name":"(anonymous_34)","line":368,"loc":{"start":{"line":368,"column":12},"end":{"line":368,"column":42}}},"35":{"name":"(anonymous_35)","line":377,"loc":{"start":{"line":377,"column":13},"end":{"line":377,"column":36}}},"36":{"name":"(anonymous_36)","line":384,"loc":{"start":{"line":384,"column":13},"end":{"line":384,"column":42}}},"37":{"name":"(anonymous_37)","line":391,"loc":{"start":{"line":391,"column":13},"end":{"line":391,"column":26}}},"38":{"name":"(anonymous_38)","line":404,"loc":{"start":{"line":404,"column":12},"end":{"line":404,"column":24}}},"39":{"name":"(anonymous_39)","line":416,"loc":{"start":{"line":416,"column":13},"end":{"line":416,"column":24}}},"40":{"name":"(anonymous_40)","line":421,"loc":{"start":{"line":421,"column":20},"end":{"line":421,"column":34}}},"41":{"name":"(anonymous_41)","line":440,"loc":{"start":{"line":440,"column":16},"end":{"line":440,"column":41}}},"42":{"name":"(anonymous_42)","line":447,"loc":{"start":{"line":447,"column":16},"end":{"line":447,"column":41}}},"43":{"name":"(anonymous_43)","line":460,"loc":{"start":{"line":460,"column":19},"end":{"line":460,"column":51}}},"44":{"name":"(anonymous_44)","line":472,"loc":{"start":{"line":472,"column":19},"end":{"line":472,"column":51}}},"45":{"name":"(anonymous_45)","line":491,"loc":{"start":{"line":491,"column":12},"end":{"line":491,"column":30}}},"46":{"name":"(anonymous_46)","line":498,"loc":{"start":{"line":498,"column":12},"end":{"line":498,"column":36}}},"47":{"name":"(anonymous_47)","line":509,"loc":{"start":{"line":509,"column":15},"end":{"line":509,"column":29}}},"48":{"name":"(anonymous_48)","line":511,"loc":{"start":{"line":511,"column":42},"end":{"line":511,"column":54}}},"49":{"name":"(anonymous_49)","line":512,"loc":{"start":{"line":512,"column":39},"end":{"line":512,"column":51}}},"50":{"name":"(anonymous_50)","line":515,"loc":{"start":{"line":515,"column":15},"end":{"line":515,"column":29}}},"51":{"name":"(anonymous_51)","line":522,"loc":{"start":{"line":522,"column":12},"end":{"line":522,"column":30}}},"52":{"name":"(anonymous_52)","line":527,"loc":{"start":{"line":527,"column":17},"end":{"line":527,"column":31}}},"53":{"name":"(anonymous_53)","line":537,"loc":{"start":{"line":537,"column":14},"end":{"line":537,"column":30}}},"54":{"name":"(anonymous_54)","line":547,"loc":{"start":{"line":547,"column":12},"end":{"line":548,"column":0}}},"55":{"name":"(anonymous_55)","line":584,"loc":{"start":{"line":584,"column":15},"end":{"line":584,"column":29}}},"56":{"name":"(anonymous_56)","line":592,"loc":{"start":{"line":592,"column":13},"end":{"line":592,"column":32}}},"57":{"name":"(anonymous_57)","line":597,"loc":{"start":{"line":597,"column":13},"end":{"line":597,"column":28}}},"58":{"name":"(anonymous_58)","line":602,"loc":{"start":{"line":602,"column":29},"end":{"line":602,"column":41}}},"59":{"name":"(anonymous_59)","line":605,"loc":{"start":{"line":605,"column":19},"end":{"line":605,"column":34}}},"60":{"name":"(anonymous_60)","line":613,"loc":{"start":{"line":613,"column":29},"end":{"line":613,"column":41}}},"61":{"name":"(anonymous_61)","line":616,"loc":{"start":{"line":616,"column":12},"end":{"line":616,"column":25}}},"62":{"name":"(anonymous_62)","line":624,"loc":{"start":{"line":624,"column":10},"end":{"line":624,"column":37}}}},"statementMap":{"1":{"start":{"line":4,"column":0},"end":{"line":4,"column":23}},"2":{"start":{"line":6,"column":0},"end":{"line":18,"column":1}},"3":{"start":{"line":8,"column":4},"end":{"line":8,"column":18}},"4":{"start":{"line":10,"column":4},"end":{"line":14,"column":31}},"5":{"start":{"line":11,"column":8},"end":{"line":11,"column":35}},"6":{"start":{"line":12,"column":8},"end":{"line":12,"column":35}},"7":{"start":{"line":13,"column":8},"end":{"line":13,"column":30}},"8":{"start":{"line":16,"column":4},"end":{"line":16,"column":44}},"9":{"start":{"line":17,"column":4},"end":{"line":17,"column":18}},"10":{"start":{"line":20,"column":0},"end":{"line":24,"column":2}},"11":{"start":{"line":21,"column":4},"end":{"line":21,"column":25}},"12":{"start":{"line":22,"column":4},"end":{"line":22,"column":28}},"13":{"start":{"line":23,"column":4},"end":{"line":23,"column":21}},"14":{"start":{"line":26,"column":0},"end":{"line":36,"column":1}},"15":{"start":{"line":27,"column":4},"end":{"line":35,"column":5}},"16":{"start":{"line":28,"column":8},"end":{"line":28,"column":24}},"17":{"start":{"line":29,"column":8},"end":{"line":29,"column":14}},"18":{"start":{"line":30,"column":8},"end":{"line":31,"column":41}},"19":{"start":{"line":31,"column":12},"end":{"line":31,"column":41}},"20":{"start":{"line":32,"column":8},"end":{"line":32,"column":22}},"21":{"start":{"line":34,"column":8},"end":{"line":34,"column":51}},"22":{"start":{"line":38,"column":0},"end":{"line":48,"column":2}},"23":{"start":{"line":39,"column":4},"end":{"line":47,"column":5}},"24":{"start":{"line":40,"column":8},"end":{"line":40,"column":24}},"25":{"start":{"line":41,"column":8},"end":{"line":41,"column":14}},"26":{"start":{"line":42,"column":8},"end":{"line":43,"column":41}},"27":{"start":{"line":43,"column":12},"end":{"line":43,"column":41}},"28":{"start":{"line":44,"column":8},"end":{"line":44,"column":22}},"29":{"start":{"line":46,"column":8},"end":{"line":46,"column":51}},"30":{"start":{"line":50,"column":0},"end":{"line":62,"column":1}},"31":{"start":{"line":51,"column":4},"end":{"line":51,"column":30}},"32":{"start":{"line":52,"column":4},"end":{"line":52,"column":30}},"33":{"start":{"line":53,"column":4},"end":{"line":53,"column":26}},"34":{"start":{"line":54,"column":4},"end":{"line":60,"column":5}},"35":{"start":{"line":55,"column":8},"end":{"line":55,"column":24}},"36":{"start":{"line":56,"column":8},"end":{"line":58,"column":9}},"37":{"start":{"line":57,"column":12},"end":{"line":57,"column":44}},"38":{"start":{"line":59,"column":8},"end":{"line":59,"column":28}},"39":{"start":{"line":61,"column":4},"end":{"line":61,"column":18}},"40":{"start":{"line":64,"column":0},"end":{"line":74,"column":1}},"41":{"start":{"line":65,"column":4},"end":{"line":73,"column":5}},"42":{"start":{"line":66,"column":8},"end":{"line":66,"column":24}},"43":{"start":{"line":67,"column":8},"end":{"line":67,"column":14}},"44":{"start":{"line":68,"column":8},"end":{"line":69,"column":46}},"45":{"start":{"line":69,"column":12},"end":{"line":69,"column":46}},"46":{"start":{"line":70,"column":8},"end":{"line":70,"column":22}},"47":{"start":{"line":72,"column":8},"end":{"line":72,"column":51}},"48":{"start":{"line":76,"column":0},"end":{"line":86,"column":1}},"49":{"start":{"line":77,"column":4},"end":{"line":85,"column":5}},"50":{"start":{"line":78,"column":8},"end":{"line":78,"column":24}},"51":{"start":{"line":79,"column":8},"end":{"line":79,"column":14}},"52":{"start":{"line":80,"column":8},"end":{"line":81,"column":48}},"53":{"start":{"line":81,"column":12},"end":{"line":81,"column":48}},"54":{"start":{"line":82,"column":8},"end":{"line":82,"column":22}},"55":{"start":{"line":84,"column":8},"end":{"line":84,"column":51}},"56":{"start":{"line":88,"column":0},"end":{"line":101,"column":2}},"57":{"start":{"line":89,"column":4},"end":{"line":100,"column":5}},"58":{"start":{"line":90,"column":8},"end":{"line":90,"column":44}},"59":{"start":{"line":91,"column":8},"end":{"line":96,"column":9}},"60":{"start":{"line":92,"column":12},"end":{"line":92,"column":50}},"61":{"start":{"line":93,"column":12},"end":{"line":95,"column":13}},"62":{"start":{"line":94,"column":16},"end":{"line":94,"column":55}},"63":{"start":{"line":97,"column":8},"end":{"line":97,"column":22}},"64":{"start":{"line":99,"column":8},"end":{"line":99,"column":44}},"65":{"start":{"line":103,"column":0},"end":{"line":116,"column":1}},"66":{"start":{"line":104,"column":4},"end":{"line":115,"column":5}},"67":{"start":{"line":105,"column":8},"end":{"line":105,"column":44}},"68":{"start":{"line":106,"column":8},"end":{"lin
[...]
lumn":42}},"121":{"start":{"line":177,"column":8},"end":{"line":178,"column":27}},"122":{"start":{"line":178,"column":12},"end":{"line":178,"column":27}},"123":{"start":{"line":179,"column":8},"end":{"line":179,"column":21}},"124":{"start":{"line":181,"column":4},"end":{"line":181,"column":19}},"125":{"start":{"line":183,"column":0},"end":{"line":199,"column":1}},"126":{"start":{"line":184,"column":4},"end":{"line":184,"column":22}},"127":{"start":{"line":186,"column":4},"end":{"line":189,"column":70}},"128":{"start":{"line":187,"column":8},"end":{"line":187,"column":69}},"129":{"start":{"line":187,"column":39},"end":{"line":187,"column":67}},"130":{"start":{"line":189,"column":8},"end":{"line":189,"column":70}},"131":{"start":{"line":189,"column":39},"end":{"line":189,"column":68}},"132":{"start":{"line":190,"column":4},"end":{"line":190,"column":29}},"133":{"start":{"line":191,"column":4},"end":{"line":191,"column":10}},"134":{"start":{"line":192,"column":4},"end":{"line":197,"column":5}},"135":{"start":{"line":193,"column":8},"end":{"line":196,"column":31}},"136":{"start":{"line":194,"column":12},"end":{"line":194,"column":31}},"137":{"start":{"line":196,"column":12},"end":{"line":196,"column":31}},"138":{"start":{"line":198,"column":4},"end":{"line":198,"column":23}}},"branchMap":{"1":{"line":8,"type":"cond-expr","locations":[{"start":{"line":8,"column":57},"end":{"line":8,"column":59}},{"start":{"line":8,"column":62},"end":{"line":8,"column":76}}]},"2":{"line":58,"type":"if","locations":[{"start":{"line":58,"column":4},"end":{"line":58,"column":4}},{"start":{"line":58,"column":4},"end":{"line":58,"column":4}}]},"3":{"line":60,"type":"if","locations":[{"start":{"line":60,"column":4},"end":{"line":60,"column":4}},{"start":{"line":60,"column":4},"end":{"line":60,"column":4}}]},"4":{"line":63,"type":"if","locations":[{"start":{"line":63,"column":4},"end":{"line":63,"column":4}},{"start":{"line":63,"column":4},"end":{"line":63,"column":4}}]},"5":{"line":63,"type":"binary-expr","locations":[{"start":{"line":63,"column":7},"end":{"line":63,"column":45}},{"start":{"line":63,"column":49},"end":{"line":63,"column":87}}]},"6":{"line":79,"type":"if","locations":[{"start":{"line":79,"column":8},"end":{"line":79,"column":8}},{"start":{"line":79,"column":8},"end":{"line":79,"column":8}}]},"7":{"line":89,"type":"if","locations":[{"start":{"line":89,"column":4},"end":{"line":89,"column":4}},{"start":{"line":89,"column":4},"end":{"line":89,"column":4}}]},"8":{"line":94,"type":"if","locations":[{"start":{"line":94,"column":8},"end":{"line":94,"column":8}},{"start":{"line":94,"column":8},"end":{"line":94,"column":8}}]},"9":{"line":95,"type":"if","locations":[{"start":{"line":95,"column":12},"end":{"line":95,"column":12}},{"start":{"line":95,"column":12},"end":{"line":95,"column":12}}]},"10":{"line":98,"type":"if","locations":[{"start":{"line":98,"column":12},"end":{"line":98,"column":12}},{"start":{"line":98,"column":12},"end":{"line":98,"column":12}}]},"11":{"line":106,"type":"binary-expr","locations":[{"start":{"line":106,"column":13},"end":{"line":106,"column":19}},{"start":{"line":106,"column":23},"end":{"line":106,"column":25}}]},"12":{"line":107,"type":"if","locations":[{"start":{"line":107,"column":4},"end":{"line":107,"column":4}},{"start":{"line":107,"column":4},"end":{"line":107,"column":4}}]},"13":{"line":122,"type":"if","locations":[{"start":{"line":122,"column":4},"end":{"line":122,"column":4}},{"start":{"line":122,"column":4},"end":{"line":122,"column":4}}]},"14":{"line":137,"type":"if","locations":[{"start":{"line":137,"column":12},"end":{"line":137,"column":12}},{"start":{"line":137,"column":12},"end":{"line":137,"column":12}}]},"15":{"line":137,"type":"binary-expr","locations":[{"start":{"line":137,"column":15},"end":{"line":137,"column":30}},{"start":{"line":137,"column":34},"end":{"line":137,"column":52}},{"start":{"line":137,"column":56},"end":{"line":137,"column":74}}]},"16":{"line":144,"type":"if","locations":[{"start":{"line":144,"column":4},"end":{"line":144,"column":4}},{"start":{"line":144,"column":4},"end":{"line":144,"column":4}}]},"17":{"line":177,"type":"if","locations":[{"start":{"line":177,"column":8},"end":{"line":177,"column":8}},{"start":{"line":177,"column":8},"end":{"line":177,"column":8}}]},"18":{"line":186,"type":"if","locations":[{"start":{"line":186,"column":4},"end":{"line":186,"column":4}},{"start":{"line":186,"column":4},"end":{"line":186,"column":4}}]},"19":{"line":193,"type":"if","locations":[{"start":{"line":193,"column":8},"end":{"line":193,"column":8}},{"start":{"line":193,"column":8},"end":{"line":193,"column":8}}]}},"code":["/**"," * Created by joonkukang on 2014. 1. 16.."," */","var utils = require('./utils');","var math = utils.math;","function DecisionNode(options) {","    var self = this;","    self.col = (typeof options['col'] === 'undefined') ? -1 : options['col'];","    self.value = options['value'];","    self.results = options['results'];","    self.tb = options['tb'];","    self.fb = options['fb'];","}","DecisionNode.prototype.print =  function() {","    var self = this;","    printTree(self,'');","}","","let DecisionTree = module.exports = function (options) {","    var self = this;","    self.data = options['data'];","    self.result = options['result'];","}","","DecisionTree.prototype.build = function(options) {","    var self = this;","    var rows = [];","    var i;","    for(i=0; i<self.data.length; i++) {","        rows.push(self.data[i]);","        rows[i].push(self.result[i]);","    }","    self.tree = buildTree(rows,entropy);","    return self.tree;","};","","DecisionTree.prototype.print = function() {","","    var self = this;","    printTree(self.tree,'');","}","","DecisionTree.prototype.classify = function(observation) {","    var self = this;","    return classify(observation,self.tree);","}","","DecisionTree.prototype.prune = function(mingain){","    var self = this;","    prune(self.tree,mingain);","}","","DecisionTree.prototype.getTree = function() {","    return this.tree;","}","","function prune(tree,mingain) {","    if(typeof tree.tb.results === 'undefined')","        prune(tree.tb,mingain);","    if(typeof tree.fb.results === 'undefined')","        prune(tree.fb,mingain);","","    if(typeof tree.tb.results !== 'undefined' && typeof tree.fb.results !== 'undefined') {","        var tb = [], fb = [], tbfb = [];","        Object.keys(tree.tb.results).forEach(function(key) {","            for(var i=0; i<tree.tb.results[key] ; i++) {","                tb.push([key]);","                tbfb.push([key]);","            }","        });","        Object.keys(tree.fb.results).forEach(function(key) {","            for(var i=0; i<tree.fb.results[key] ; i++) {","                fb.push([key]);","                tbfb.push([key]);","            }","        });","        var p = 1.*tb.length / tbfb.length;","        var delta = entropy(tbfb) - p * entropy(tb) - (1-p) * entropy(fb);","        if(delta < mingain) {","            // pruning","            tree.tb = undefined;","            tree.fb = undefined;","            tree.results = uniqueCounts(tbfb);","        }","    }","}","","function classify(observaton,tree) {","    if(typeof tree.results !== 'undefined')","        return tree.results;","    else {","        var v = observaton[tree.col];","        var branch;","        if(utils.isNumber(v)) {","            if(v>=tree.value) branch = tree.tb;","            else branch = tree.fb;","        } else {","            if(v === tree.value) branch = tree.tb;","            else branch = tree.fb;","        }","        return classify(observaton,branch);","    }","}","","function printTree(tree,indent) {","    indent = indent || '';","    if(typeof tree.results !== 'undefined')","        console.log(tree.results);","    else {","        // print condition","        console.log(tree.col+':'+tree.value+'? ');","","        // print branches","        process.stdout.write(indent + 'T->');","        printTree(tree.tb,indent +'  ');","        process.stdout.write(indent + 'F->');","        printTree(tree.fb,indent +'  ');","    }","}","","function buildTree(rows,scoref) {","    if(rows.length == 0) return new DecisionNode();","    var currentScore = scoref(rows);","    var bestGain = 0.0, bestCriteria, bestSets;","    var columnCount = rows[0].length - 1;","    var col, i;","    for(col=0; col<columnCount; col++) {","        var columnValues = {};","        for(i=0; i<rows.length; i++) {","            columnValues[rows[i][col]] = 1;","        }","        var values = Object.keys(columnValues);","        for(i=0; i<values.length; i++) {","            var sets = divideSet(rows,col,values[i]);","            var p = 1.*sets[0].length / rows.length;","            var gain = currentScore - p*scoref(sets[0]) - (1-p)*scoref(sets[1]);","            if(gain > bestGain && sets[0].length > 0 && sets[1].length > 0) {","                bestGain = gain;","                bestCriteria = [col,values[i]];","                bestSets = sets;","            }","        }","    }","    if(bestGain > 0) {","        var trueBranch = buildTree(bestSets[0],scoref);","        var falseBranch = buildTree(bestSets[1],scoref);","        return new DecisionNode({","            col : bestCriteria[0],","            value : bestCriteria[1],","            tb : trueBranch,","            fb : falseBranch","        });","    } else {","        return new DecisionNode({","            results : uniqueCounts(rows)","        });","    }","}","","function entropy(rows) {","    var log2 = function(x) {return Math.log(x)/Math.log(2);};","    var results = uniqueCounts(rows);","    var ent = 0.0;","    var keys = Object.keys(results);","    var i;","    for(i=0; i<keys.length; i++) {","        var p = 1.*results[keys[i]]/rows.length;","        ent -= 1.*p*log2(p);","    }","    return ent;","}","function uniqueCounts(rows) {","    var results = {};","    var i;","    for(i=0; i<rows.length; i++) {","        var r = rows[i][rows[i].length-1];","        if(typeof results[r] === 'undefined')","            results[r] = 0;","        results[r]++;","    }","    return results;","}","function divideSet(rows,column,value) {","    var splitFunction;","","    if(utils.isNumber(value))","        splitFunction = function(row) {return row[column] >= value;};","    else","        splitFunction = function(row) {return row[column] === value;};","    var set1 = [], set2 = [];","    var i;","    for(i=0; i<rows.length; i++) {","        if(splitFunction(rows[i]))","            set1.push(rows[i]);","        else","            set2.push(rows[i]);","    }","    return [set1,set2];","}",""],"l":{"4":1,"5":1,"6":1,"7":0,"8":0,"9":0,"10":0,"11":0,"12":0,"14":1,"15":0,"16":0,"19":1,"20":0,"21":0,"22":0,"25":1,"26":0,"27":0,"28":0,"29":0,"30":0,"31":0,"33":0,"34":0,"37":1,"39":0,"40":0,"43":1,"44":0,"45":0,"48":1,"49":0,"50":0,"53":1,"54":0,"57":1,"58":0,"59":0,"60":0,"61":0,"63":0,"64":0,"65":0,"66":0,"67":0,"68":0,"71":0,"72":0,"73":0,"74":0,"77":0,"78":0,"79":0,"81":0,"82":0,"83":0,"88":1,"89":0,"90":0,"92":0,"93":0,"94":0,"95":0,"96":0,"98":0,"99":0,"101":0,"105":1,"106":0,"107":0,"108":0,"111":0,"114":0,"115":0,"116":0,"117":0,"121":1,"122":0,"123":0,"124":0,"125":0,"126":0,"127":0,"128":0,"129":0,"130":0,"132":0,"133":0,"134":0,"135":0,"136":0,"137":0,"138":0,"139":0,"140":0,"144":0,"145":0,"146":0,"147":0,"154":0,"160":1,"161":0,"162":0,"163":0,"164":0,"165":0,"166":0,"167":0,"168":0,"170":0,"172":1,"173":0,"174":0,"175":0,"176":0,"177":0,"178":0,"179":0,"181":0,"183":1,"184":0,"186":0,"187":0,"189":0,"190":0,"191":0,"192":0,"193":0,"194":0,"196":0,"198":0}},"/home/travis/build/npmtest/node-npmtest-machine_learning/node_modules/machine_learning/lib/LogisticRegression.js":{"path":"/home/travis/build/npmtest/node-npmtest-machine_learning/node_modules/machine_learning/lib/LogisticRegression.js","s":{"1":1,"2":1,"3":0,"4":0,"5":0,"6":0,"7":0,"8":0,"9":1,"10":0,"11":0,"12":0,"13":0,"14":0,"15":0,"16":0,"17":0,"18":0,"19":0,"20":0,"21":0,"22":0,"23":0,"24":0,"25":0,"26":0,"27":0,"28":0,"29":0,"30":0,"31":0,"32":0,"33":0,"34":1,"35":0,"36":0,"37":0,"38":0,"39":0,"40":0,"41":1,"42":0,"43":0,"44":1,"45":0,"46":0},"b":{"1":[0,0],"2":[0,0],"3":[0,0],"4":[0,0],"5":[0,0],"6":[0,0]},"f":{"1":0,"2":0,"3":0,"4":0,"5":0},"fnMap":{"1":{"name":"(anonymous_1)","line":5,"loc":{"start":{"line":5,"column":42},"end":{"line":5,"column":62}}},"2":{"name":"(anonymous_2)","line":16,"loc":{"start":{"line":16,"column":37},"end":{"line":16,"column":57}}},"3":{"name":"(anonymous_3)","line":48,"loc":{"start":{"line":48,"column":61},"end":{"line":48,"column":73}}},"4":{"name":"(anonymous_4)","line":58,"loc":{"start":{"line":58,"column":39},"end":{"line":58,"column":52}}},"5":{"name":"(anonymous_5)","line":63,"loc":{"start":{"line":63,"column":35},"end":{"line":63,"column":60}}}},"statementMap":{"1":{"start":{"line":4,"column":0},"end":{"line":4,"column":35}},"2":{"start":{"line":5,"column":0},"end":{"line":14,"column":2}},"3":{"start":{"line":6,"column":4},"end":{"line":6,"column":20}},"4":{"start":{"line":7,"column":4},"end":{"line":7,"column":31}},"5":{"start":{"line":8,"column":4},"end":{"line":8,"column":31}},"6":{"start":{"line":9,"column":4},"end":{"line":9,"column":62}},"7":{"start":{"line":10,"column":4},"end":{"line":10,"column":45}},"8":{"start":{"line":11,"column":4},"end":{"line":13,"column":6}},"9":{"start":{"line":16,"column":0},"end":{"line":46,"column":2}},"10":{"start":{"line":17,"column":4},"end":{"line":17,"column":20}},"11":{"start":{"line":18,"column":4},"end":{"line":18,"column":31}},"12":{"start":{"line":19,"column":4},"end":{"line":20,"column":35}},"13":{"start":{"line":20,"column":8},"end":{"line":20,"column":35}},"14":{"start":{"line":21,"column":4},"end":{"line":22,"column":28}},"15":{"start":{"line":22,"column":8},"end":{"line":22,"column":28}},"16":{"start":{"line":23,"column":4},"end":{"line":24,"column":36}},"17":{"start":{"line":24,"column":8},"end":{"line":24,"column":36}},"18":{"start":{"line":25,"column":4},"end":{"line":25,"column":10}},"19":{"start":{"line":26,"column":4},"end":{"line":26,"column":28}},"20":{"start":{"line":27,"column":4},"end":{"line":43,"column":5}},"21":{"start":{"line":28,"column":8},"end":{"line":28,"column":93}},"22":{"start":{"line":29,"column":8},"end":{"line":29,"column":55}},"23":{"start":{"line":31,"column":8},"end":{"line":31,"column":64}},"24":{"start":{"line":32,"column":8},"end":{"line":32,"column":48}},"25":{"start":{"line":34,"column":8},"end":{"line":34,"column":66}},"26":{"start":{"line":35,"column":8},"end":{"line":35,"column":66}},"27":{"start":{"line":36,"column":8},"end":{"line":42,"column":9}},"28":{"start":{"line":37,"column":12},"end":{"line":37,"column":45}},"29":{"start":{"line":38,"column":12},"end":{"line":41,"column":13}},"30":{"start":{"line":39,"column":16},"end":{"line":39,"column":85}},"31":{"start":{"line":40,"column":16},"end":{"line":40,"column":34}},"32":{"start":{"line":44,"column":4},"end":{"line":45,"column":102}},"33":{"start":{"line":45,"column":8},"end":{"line":45,"column":102}},"34":{"start":{"line":48,"column":0},"end":{"line":56,"column":2}},"35":{"start":{"line":49,"column":4},"end":{"line":49,"column":20}},"36":{"start":{"line":50,"column":4},"end":{"line":50,"column":89}},"37":{"start":{"line":51,"column":4},"end":{"line":51,"column":83}},"38":{"start":{"line":52,"column":4},"end":{"line":53,"column":92}},"39":{"start":{"line":54,"column":4},"end":{"line":54,"column":74}},"40":{"start":{"line":55,"column":4},"end":{"line":55,"column":24}},"41":{"start":{"line":58,"column":0},"end":{"line":61,"column":2}},"42":{"start":{"line":59,"column":4},"end":{"line":59,"column":20}},"43":{"start":{"line":60,"column":4},"end":{"line":60,"column":73}},"44":{"start":{"line":63,"column":0},"end":{"line":66,"column":1}},"45":{"start":{"line":64,"column":4},"end":{"line":64,"column":20}},"46":{"start":{"line":65,"column":4},"end":{"line":65,"column":36}}},"branchMap":{"1":{"line":19,"type":"if","locations":[{"start":{"line":19,"column":4},"end":{"line":19,"column":4}},{"start":{"line":19,"column":4},"end":{"line":19,"column":4}}]},"2":{"line":21,"type":"if","locations":[{"start":{"line":21,"column":4},"end":{"line":21,"column":4}},{"start":{"line":21,"column":4},"end":{"line":21,"column":4}}]},"3":{"line":23,"type":"if","locations":[{"start":{"line":23,"column":4},"end":{"line":23,"column":4}},{"start":{"line":23,"column":4},"end":{"line":23,"column":4}}]},"4":{"line":36,"type":"if","locations":[{"start":{"line":36,"column":8},"end":{"line":36,"column":8}},{"start":{"line":36,"column":8},"end":{"line":36,"column":8}}]},"5":{"line":38,"type":"if","locations":[{"start":{"line":38,"column":12},"end":{"line":38,"column":12}},{"start":{"line":38,"column":12},"end":{"line":38,"column":12}}]},"6":{"line":44,"type":"if","locations":[{"start":{"line":44,"column":4},"end":{"line":44,"column":4}},{"start":{"line":44,"column":4},"end":{"line":44,"column":4}}]}},"code":["/**"," * Created by joonkukang on 2014. 1. 12.."," */","var math = require('./utils').math;","let LogisticRegression = module.exports = function (settings) {","    var self = this;","    self.x = settings['input'];","    self.y = settings['label'];","    self.W = math.zeroMat(settings['n_in'],settings['n_out']);","    self.b = math.zeroVec(settings['n_out']);","    self.settings = {","        'log level' : 1 // 0 : nothing, 1 : info, 2: warn","    };","};","","LogisticRegression.prototype.train = function (settings) {","    var self = this;","    var lr = 0.1, epochs = 200;","    if(typeof settings['input'] !== 'undefined')","        self.x = settings['input'];","    if(typeof settings['lr'] !== 'undefined')","        lr = settings['lr'];","    if(typeof settings['epochs'] !== 'undefined')","        epochs = settings['epochs'];","    var i;","    var currentProgress = 1;","    for(i=0;i<epochs;i++) {","        var probYgivenX = math.softmaxMat(math.addMatVec(math.mulMat(self.x,self.W),self.b));","        var deltaY = math.minusMat(self.y,probYgivenX);","","        var deltaW = math.mulMat(math.transpose(self.x),deltaY);","        var deltaB = math.meanMatAxis(deltaY,0);","","        self.W = math.addMat(self.W,math.mulMatScalar(deltaW,lr));","        self.b = math.addVec(self.b,math.mulVecScalar(deltaB,lr));","        if(self.settings['log level'] > 0) {","            var progress = (1.*i/epochs)*100;","            if(progress > currentProgress) {","                console.log(\"LogisticRegression\",progress.toFixed(0),\"% Completed.\");","                currentProgress++;","            }","        }","    }","    if(self.settings['log level'] > 0)","        console.log(\"LogisticRegression Final Cross Entropy : \",self.getReconstructionCrossEntropy());","};","","LogisticRegression.prototype.getReconstructionCrossEntropy = function () {","    var self = this;","    var probYgivenX = math.softmaxMat(math.addMatVec(math.mulMat(self.x,self.W),self.b));","    var a = math.mulMatElementWise(self.y, math.activateMat(probYgivenX,Math.log));","    var b = math.mulMatElementWise(math.mulMatScalar(math.addMatScalar(self.y,-1),-1),","        math.activateMat(math.mulMatScalar(math.addMatScalar(probYgivenX,-1),-1),Math.log));","    var crossEntropy = -math.meanVec(math.sumMatAxis(math.addMat(a,b),1));","    return crossEntropy;","};","","LogisticRegression.prototype.predict = function (x) {","    var self = this;","    return math.softmaxMat(math.addMatVec(math.mulMat(x,self.W),self.b));","};","","LogisticRegression.prototype.set = function(property,value) {","    var self = this;","    self.settings[property] = value;","}",""],"l":{"4":1,"5":1,"6":0,"7":0,"8":0,"9":0,"10":0,"11":0,"16":1,"17":0,"18":0,"19":0,"20":0,"21":0,"22":0,"23":0,"24":0,"25":0,"26":0,"27":0,"28":0,"29":0,"31":0,"32":0,"34":0,"35":0,"36":0,"37":0,"38":0,"39":0,"40":0,"44":0,"45":0,"48":1,"49":0,"50":0,"51":0,"52":0,"54":0,"55":0,"58":1,"59":0,"60":0,"63":1,"64":0,"65":0}}}